18:43:26 **** Incremental Build of configuration Debug for project lab4 ****
make -j12 all 
arm-none-eabi-gcc "../Core/Src/main.c" -mcpu=cortex-m3 -std=gnu11 -g3 -DDEBUG -DUSE_HAL_DRIVER -DSTM32F103x6 -c -I../Core/Inc -I../Drivers/STM32F1xx_HAL_Driver/Inc -I../Drivers/STM32F1xx_HAL_Driver/Inc/Legacy -I../Drivers/CMSIS/Device/ST/STM32F1xx/Include -I../Drivers/CMSIS/Include -O0 -ffunction-sections -fdata-sections -Wall -fstack-usage -MMD -MP -MF"Core/Src/main.d" -MT"Core/Src/main.o" --specs=nano.specs -mfloat-abi=soft -mthumb -o "Core/Src/main.o"
arm-none-eabi-gcc "../Core/Src/sch.c" -mcpu=cortex-m3 -std=gnu11 -g3 -DDEBUG -DUSE_HAL_DRIVER -DSTM32F103x6 -c -I../Core/Inc -I../Drivers/STM32F1xx_HAL_Driver/Inc -I../Drivers/STM32F1xx_HAL_Driver/Inc/Legacy -I../Drivers/CMSIS/Device/ST/STM32F1xx/Include -I../Drivers/CMSIS/Include -O0 -ffunction-sections -fdata-sections -Wall -fstack-usage -MMD -MP -MF"Core/Src/sch.d" -MT"Core/Src/sch.o" --specs=nano.specs -mfloat-abi=soft -mthumb -o "Core/Src/sch.o"
../Core/Src/sch.c: In function 'SCH_Init':
../Core/Src/sch.c:14:9: warning: implicit declaration of function 'SCH_Delete_Task' [-Wimplicit-function-declaration]
   14 |         SCH_Delete_Task(i);
      |         ^~~~~~~~~~~~~~~
../Core/Src/sch.c:20:5: warning: implicit declaration of function 'Timer_init' [-Wimplicit-function-declaration]
   20 |     Timer_init();
      |     ^~~~~~~~~~
../Core/Src/main.c: In function 'main':
../Core/Src/main.c:99:2: warning: implicit declaration of function 'System_Initialization' [-Wimplicit-function-declaration]
   99 |  System_Initialization();
      |  ^~~~~~~~~~~~~~~~~~~~~
../Core/Src/sch.c:21:5: warning: implicit declaration of function 'Watchdog_init' [-Wimplicit-function-declaration]
   21 |     Watchdog_init();
      |     ^~~~~~~~~~~~~
../Core/Src/sch.c: In function 'SCH_Add_Task':
../Core/Src/sch.c:37:22: warning: assignment to 'unsigned char' from 'char *' makes integer from pointer without a cast [-Wint-conversion]
   37 |         Error_code_G = "ERROR_SCH_TOO_MANY_TASKS";
      |                      ^
../Core/Src/sch.c: In function 'SCH_Dispatch_Tasks':
../Core/Src/sch.c:89:5: warning: implicit declaration of function 'SCH_Report_Status' [-Wimplicit-function-declaration]
   89 |     SCH_Report_Status();
      |     ^~~~~~~~~~~~~~~~~
../Core/Src/sch.c:91:5: warning: implicit declaration of function 'SCH_Go_To_Sleep' [-Wimplicit-function-declaration]
   91 |     SCH_Go_To_Sleep();
      |     ^~~~~~~~~~~~~~~
arm-none-eabi-gcc -o "lab4.elf" @"objects.list"   -mcpu=cortex-m3 -T"D:\Workspace\VXL\Lab 4\Code\lab4\STM32F103C6UX_FLASH.ld" --specs=nosys.specs -Wl,-Map="lab4.map" -Wl,--gc-sections -static --specs=nano.specs -mfloat-abi=soft -mthumb -Wl,--start-group -lc -lm -Wl,--end-group
e:\program files (x86)\stm32cubeide_1.7.0\stm32cubeide\plugins\com.st.stm32cube.ide.mcu.externaltools.gnu-tools-for-stm32.9-2020-q2-update.win32_2.0.0.202105311346\tools\arm-none-eabi\bin\ld.exe: ./Core/Src/sch.o:D:/Workspace/VXL/Lab 4/Code/lab4/Debug/../Core/Inc/sch.h:24: multiple definition of `Error_code_G'; ./Core/Src/main.o:D:/Workspace/VXL/Lab 4/Code/lab4/Debug/../Core/Inc/sch.h:24: first defined here
e:\program files (x86)\stm32cubeide_1.7.0\stm32cubeide\plugins\com.st.stm32cube.ide.mcu.externaltools.gnu-tools-for-stm32.9-2020-q2-update.win32_2.0.0.202105311346\tools\arm-none-eabi\bin\ld.exe: ./Core/Src/main.o: in function `main':
D:/Workspace/VXL/Lab 4/Code/lab4/Debug/../Core/Src/main.c:99: undefined reference to `System_Initialization'
e:\program files (x86)\stm32cubeide_1.7.0\stm32cubeide\plugins\com.st.stm32cube.ide.mcu.externaltools.gnu-tools-for-stm32.9-2020-q2-update.win32_2.0.0.202105311346\tools\arm-none-eabi\bin\ld.exe: ./Core/Src/sch.o: in function `SCH_Init':
D:/Workspace/VXL/Lab 4/Code/lab4/Debug/../Core/Src/sch.c:14: undefined reference to `SCH_Delete_Task'
e:\program files (x86)\stm32cubeide_1.7.0\stm32cubeide\plugins\com.st.stm32cube.ide.mcu.externaltools.gnu-tools-for-stm32.9-2020-q2-update.win32_2.0.0.202105311346\tools\arm-none-eabi\bin\ld.exe: D:/Workspace/VXL/Lab 4/Code/lab4/Debug/../Core/Src/sch.c:20: undefined reference to `Timer_init'
e:\program files (x86)\stm32cubeide_1.7.0\stm32cubeide\plugins\com.st.stm32cube.ide.mcu.externaltools.gnu-tools-for-stm32.9-2020-q2-update.win32_2.0.0.202105311346\tools\arm-none-eabi\bin\ld.exe: D:/Workspace/VXL/Lab 4/Code/lab4/Debug/../Core/Src/sch.c:21: undefined reference to `Watchdog_init'
e:\program files (x86)\stm32cubeide_1.7.0\stm32cubeide\plugins\com.st.stm32cube.ide.mcu.externaltools.gnu-tools-for-stm32.9-2020-q2-update.win32_2.0.0.202105311346\tools\arm-none-eabi\bin\ld.exe: ./Core/Src/sch.o: in function `SCH_Dispatch_Tasks':
D:/Workspace/VXL/Lab 4/Code/lab4/Debug/../Core/Src/sch.c:84: undefined reference to `SCH_Delete_Task'
e:\program files (x86)\stm32cubeide_1.7.0\stm32cubeide\plugins\com.st.stm32cube.ide.mcu.externaltools.gnu-tools-for-stm32.9-2020-q2-update.win32_2.0.0.202105311346\tools\arm-none-eabi\bin\ld.exe: D:/Workspace/VXL/Lab 4/Code/lab4/Debug/../Core/Src/sch.c:89: undefined reference to `SCH_Report_Status'
e:\program files (x86)\stm32cubeide_1.7.0\stm32cubeide\plugins\com.st.stm32cube.ide.mcu.externaltools.gnu-tools-for-stm32.9-2020-q2-update.win32_2.0.0.202105311346\tools\arm-none-eabi\bin\ld.exe: D:/Workspace/VXL/Lab 4/Code/lab4/Debug/../Core/Src/sch.c:91: undefined reference to `SCH_Go_To_Sleep'
collect2.exe: error: ld returned 1 exit status
make: *** [makefile:68: lab4.elf] Error 1
"make -j12 all" terminated with exit code 2. Build might be incomplete.

18:43:28 Build Failed. 12 errors, 7 warnings. (took 1s.623ms)

