2022-11-17 09:49:17,797 [INFO] Activator:177 - 


2022-11-17 09:49:17,799 [INFO] Activator:178 - !SESSION log4j initialized
2022-11-20 10:40:43,020 [INFO] Activator:177 - 


2022-11-20 10:40:43,022 [INFO] Activator:178 - !SESSION log4j initialized
2022-11-20 20:43:50,952 [INFO] Activator:177 - 


2022-11-20 20:43:50,954 [INFO] Activator:178 - !SESSION log4j initialized
2022-11-20 21:16:56,684 [INFO] McuFinderGlobals:39 - Set McuFinder mode to 2 (CubeIDE integrated)
2022-11-20 21:16:56,950 [INFO] ApplicationProperties:181 - Using Application install path: E:\Program Files (x86)\STM32CubeIDE_1.7.0\STM32CubeIDE\plugins\com.st.stm32cube.common.mx_6.3.0.202107141111
2022-11-20 21:16:56,963 [INFO] DbMcusXml:74 - Set database path to: E:\Program Files (x86)\STM32CubeIDE_1.7.0\STM32CubeIDE\plugins\com.st.stm32cube.common.mx_6.3.0.202107141111\\db\/mcu/
2022-11-20 21:16:56,968 [INFO] DbBoardsPdsc:56 - Set plugin database path to: E:\Program Files (x86)\STM32CubeIDE_1.7.0\STM32CubeIDE\plugins\com.st.stm32cube.common.mx_6.3.0.202107141111\\db\/plugins/boardmanager/
2022-11-20 21:16:56,968 [INFO] DbMcus:258 - Set plugin images path to: E:\Program Files (x86)\STM32CubeIDE_1.7.0\STM32CubeIDE\plugins\com.st.stm32cube.common.mx_6.3.0.202107141111\\db\/plugins/mcufinder/images/
2022-11-20 21:16:56,968 [INFO] DbBoards:264 - Set plugin images path to: E:\Program Files (x86)\STM32CubeIDE_1.7.0\STM32CubeIDE\plugins\com.st.stm32cube.common.mx_6.3.0.202107141111\\db\/plugins/mcufinder/images/
2022-11-20 21:16:56,972 [INFO] DbExamples:333 - Set plugin images path to: E:\Program Files (x86)\STM32CubeIDE_1.7.0\STM32CubeIDE\plugins\com.st.stm32cube.common.mx_6.3.0.202107141111\\db\/plugins/mcufinder/images/
2022-11-20 21:16:56,983 [INFO] DbMcusAds:119 - Set database path to: C:\Users\ADMIN\.stmcufinder\plugins\mcufinder//mcu/
2022-11-20 21:16:56,984 [INFO] DbMcusDocs:110 - Set database path to: C:\Users\ADMIN\.stmcufinder\plugins\mcufinder//mcu/
2022-11-20 21:16:56,987 [INFO] DbMcusJson:64 - Set database path to: C:\Users\ADMIN\.stmcufinder\plugins\mcufinder//mcu/
2022-11-20 21:16:56,987 [INFO] DbBoardsDocs:110 - Set database path to: C:\Users\ADMIN\.stmcufinder\plugins\mcufinder//mcu/
2022-11-20 21:16:56,989 [INFO] DbBoardsJson:57 - Set database path to: C:\Users\ADMIN\.stmcufinder\plugins\mcufinder//mcu/
2022-11-20 21:16:56,997 [INFO] CrossReferenceDbSqlite:196 - Set database path to: C:\Users\ADMIN\.stmcufinder\plugins\mcufinder//mcu/cs/
2022-11-20 21:16:57,002 [INFO] DbExamplesSqlite:767 - Set database path to: C:\Users\ADMIN\.stmcufinder\plugins\mcufinder//mcu/
2022-11-20 21:16:57,161 [INFO] RulesReader:57 - Compatibility file has been processed (242 Rules)
2022-11-20 21:16:57,276 [INFO] DbMcusXml:74 - Set database path to: E:\Program Files (x86)\STM32CubeIDE_1.7.0\STM32CubeIDE\plugins\com.st.stm32cube.common.mx_6.3.0.202107141111\\db\/mcu/
2022-11-20 21:16:57,278 [INFO] DbBoardsPdsc:56 - Set plugin database path to: E:\Program Files (x86)\STM32CubeIDE_1.7.0\STM32CubeIDE\plugins\com.st.stm32cube.common.mx_6.3.0.202107141111\\db\/plugins/boardmanager/
2022-11-20 21:16:57,278 [INFO] DbMcus:258 - Set plugin images path to: E:\Program Files (x86)\STM32CubeIDE_1.7.0\STM32CubeIDE\plugins\com.st.stm32cube.common.mx_6.3.0.202107141111\\db\/plugins/mcufinder/images/
2022-11-20 21:16:57,278 [INFO] DbBoards:264 - Set plugin images path to: E:\Program Files (x86)\STM32CubeIDE_1.7.0\STM32CubeIDE\plugins\com.st.stm32cube.common.mx_6.3.0.202107141111\\db\/plugins/mcufinder/images/
2022-11-20 21:16:57,279 [INFO] DbExamples:333 - Set plugin images path to: E:\Program Files (x86)\STM32CubeIDE_1.7.0\STM32CubeIDE\plugins\com.st.stm32cube.common.mx_6.3.0.202107141111\\db\/plugins/mcufinder/images/
2022-11-20 21:16:57,279 [WARN] DbFile:35 - Overriding database path with different value: C:\Users\ADMIN\.stmcufinder\plugins\mcufinder/ => C:\Users\ADMIN\.stmcufinder\plugins\mcufinder
2022-11-20 21:16:57,279 [INFO] DbMcusAds:119 - Set database path to: C:\Users\ADMIN\.stmcufinder\plugins\mcufinder//mcu/
2022-11-20 21:16:57,279 [WARN] DbFile:35 - Overriding database path with different value: C:\Users\ADMIN\.stmcufinder\plugins\mcufinder/ => C:\Users\ADMIN\.stmcufinder\plugins\mcufinder
2022-11-20 21:16:57,281 [INFO] DbMcusDocs:110 - Set database path to: C:\Users\ADMIN\.stmcufinder\plugins\mcufinder//mcu/
2022-11-20 21:16:57,281 [WARN] DbFile:35 - Overriding database path with different value: C:\Users\ADMIN\.stmcufinder\plugins\mcufinder/ => C:\Users\ADMIN\.stmcufinder\plugins\mcufinder
2022-11-20 21:16:57,281 [INFO] DbMcusJson:64 - Set database path to: C:\Users\ADMIN\.stmcufinder\plugins\mcufinder//mcu/
2022-11-20 21:16:57,281 [WARN] DbFile:35 - Overriding database path with different value: C:\Users\ADMIN\.stmcufinder\plugins\mcufinder/ => C:\Users\ADMIN\.stmcufinder\plugins\mcufinder
2022-11-20 21:16:57,281 [INFO] DbBoardsDocs:110 - Set database path to: C:\Users\ADMIN\.stmcufinder\plugins\mcufinder//mcu/
2022-11-20 21:16:57,281 [WARN] DbFile:35 - Overriding database path with different value: C:\Users\ADMIN\.stmcufinder\plugins\mcufinder/ => C:\Users\ADMIN\.stmcufinder\plugins\mcufinder
2022-11-20 21:16:57,282 [INFO] DbBoardsJson:57 - Set database path to: C:\Users\ADMIN\.stmcufinder\plugins\mcufinder//mcu/
2022-11-20 21:16:57,282 [WARN] DbFile:35 - Overriding database path with different value: C:\Users\ADMIN\.stmcufinder\plugins\mcufinder/ => C:\Users\ADMIN\.stmcufinder\plugins\mcufinder
2022-11-20 21:16:57,282 [WARN] DbFile:35 - Overriding database path with different value: C:\Users\ADMIN\.stmcufinder\plugins\mcufinder/ => C:\Users\ADMIN\.stmcufinder\plugins\mcufinder
2022-11-20 21:16:57,282 [INFO] CrossReferenceDbSqlite:196 - Set database path to: C:\Users\ADMIN\.stmcufinder\plugins\mcufinder//mcu/cs/
2022-11-20 21:16:57,282 [WARN] DbFile:35 - Overriding database path with different value: C:\Users\ADMIN\.stmcufinder\plugins\mcufinder/ => C:\Users\ADMIN\.stmcufinder\plugins\mcufinder
2022-11-20 21:16:57,282 [INFO] DbExamplesSqlite:767 - Set database path to: C:\Users\ADMIN\.stmcufinder\plugins\mcufinder//mcu/
2022-11-20 21:16:57,392 [INFO] MainPanel:214 - HeapMemory: 560988160
2022-11-20 21:16:57,501 [INFO] DbMcusXml:74 - Set database path to: E:\Program Files (x86)\STM32CubeIDE_1.7.0\STM32CubeIDE\plugins\com.st.stm32cube.common.mx_6.3.0.202107141111\\db\/mcu/
2022-11-20 21:16:57,501 [INFO] DbBoardsPdsc:56 - Set plugin database path to: E:\Program Files (x86)\STM32CubeIDE_1.7.0\STM32CubeIDE\plugins\com.st.stm32cube.common.mx_6.3.0.202107141111\\db\/plugins/boardmanager/
2022-11-20 21:16:57,502 [INFO] DbMcus:258 - Set plugin images path to: E:\Program Files (x86)\STM32CubeIDE_1.7.0\STM32CubeIDE\plugins\com.st.stm32cube.common.mx_6.3.0.202107141111\\db\/plugins/mcufinder/images/
2022-11-20 21:16:57,502 [INFO] DbBoards:264 - Set plugin images path to: E:\Program Files (x86)\STM32CubeIDE_1.7.0\STM32CubeIDE\plugins\com.st.stm32cube.common.mx_6.3.0.202107141111\\db\/plugins/mcufinder/images/
2022-11-20 21:16:57,502 [INFO] DbExamples:333 - Set plugin images path to: E:\Program Files (x86)\STM32CubeIDE_1.7.0\STM32CubeIDE\plugins\com.st.stm32cube.common.mx_6.3.0.202107141111\\db\/plugins/mcufinder/images/
2022-11-20 21:16:57,502 [WARN] DbFile:35 - Overriding database path with different value: C:\Users\ADMIN\.stmcufinder\plugins\mcufinder/ => C:\Users\ADMIN\.stmcufinder\plugins\mcufinder
2022-11-20 21:16:57,503 [INFO] DbMcusAds:119 - Set database path to: C:\Users\ADMIN\.stmcufinder\plugins\mcufinder//mcu/
2022-11-20 21:16:57,503 [WARN] DbFile:35 - Overriding database path with different value: C:\Users\ADMIN\.stmcufinder\plugins\mcufinder/ => C:\Users\ADMIN\.stmcufinder\plugins\mcufinder
2022-11-20 21:16:57,503 [INFO] DbMcusDocs:110 - Set database path to: C:\Users\ADMIN\.stmcufinder\plugins\mcufinder//mcu/
2022-11-20 21:16:57,503 [WARN] DbFile:35 - Overriding database path with different value: C:\Users\ADMIN\.stmcufinder\plugins\mcufinder/ => C:\Users\ADMIN\.stmcufinder\plugins\mcufinder
2022-11-20 21:16:57,503 [INFO] DbMcusJson:64 - Set database path to: C:\Users\ADMIN\.stmcufinder\plugins\mcufinder//mcu/
2022-11-20 21:16:57,503 [WARN] DbFile:35 - Overriding database path with different value: C:\Users\ADMIN\.stmcufinder\plugins\mcufinder/ => C:\Users\ADMIN\.stmcufinder\plugins\mcufinder
2022-11-20 21:16:57,503 [INFO] DbBoardsDocs:110 - Set database path to: C:\Users\ADMIN\.stmcufinder\plugins\mcufinder//mcu/
2022-11-20 21:16:57,503 [WARN] DbFile:35 - Overriding database path with different value: C:\Users\ADMIN\.stmcufinder\plugins\mcufinder/ => C:\Users\ADMIN\.stmcufinder\plugins\mcufinder
2022-11-20 21:16:57,504 [INFO] DbBoardsJson:57 - Set database path to: C:\Users\ADMIN\.stmcufinder\plugins\mcufinder//mcu/
2022-11-20 21:16:57,504 [WARN] DbFile:35 - Overriding database path with different value: C:\Users\ADMIN\.stmcufinder\plugins\mcufinder/ => C:\Users\ADMIN\.stmcufinder\plugins\mcufinder
2022-11-20 21:16:57,504 [WARN] DbFile:35 - Overriding database path with different value: C:\Users\ADMIN\.stmcufinder\plugins\mcufinder/ => C:\Users\ADMIN\.stmcufinder\plugins\mcufinder
2022-11-20 21:16:57,504 [INFO] CrossReferenceDbSqlite:196 - Set database path to: C:\Users\ADMIN\.stmcufinder\plugins\mcufinder//mcu/cs/
2022-11-20 21:16:57,504 [WARN] DbFile:35 - Overriding database path with different value: C:\Users\ADMIN\.stmcufinder\plugins\mcufinder/ => C:\Users\ADMIN\.stmcufinder\plugins\mcufinder
2022-11-20 21:16:57,504 [INFO] DbExamplesSqlite:767 - Set database path to: C:\Users\ADMIN\.stmcufinder\plugins\mcufinder//mcu/
2022-11-20 21:16:57,525 [INFO] ApplicationProperties:181 - Using Application install path: E:\Program Files (x86)\STM32CubeIDE_1.7.0\STM32CubeIDE\plugins\com.st.stm32cube.common.mx_6.3.0.202107141111
2022-11-20 21:16:57,527 [INFO] PluginManage:188 - Search for loadable plugins [exclusion list=, ]
2022-11-20 21:16:57,528 [INFO] PluginManage:302 - Check plugin analytics
2022-11-20 21:16:57,733 [INFO] AnalyticsPlugin:257 - Accepted Software Licenses: 
2022-11-20 21:16:57,734 [INFO] AnalyticsPlugin:259 - Accepted CMSIS Pack Licenses: 
2022-11-20 21:16:57,734 [INFO] AnalyticsPlugin:261 - Accepted Firmware Licenses: 
2022-11-20 21:16:57,734 [INFO] PluginManage:352 - Loaded plugin analytics (category:tool,tabindex:-1)
2022-11-20 21:16:57,734 [INFO] PluginManage:302 - Check plugin clock
2022-11-20 21:16:57,753 [INFO] PluginManage:352 - Loaded plugin clock (category:base,tabindex:2)
2022-11-20 21:16:57,754 [INFO] PluginManage:302 - Check plugin ddr
2022-11-20 21:16:57,757 [INFO] PluginManage:352 - Loaded plugin ddr (category:tool,tabindex:6)
2022-11-20 21:16:57,757 [INFO] PluginManage:302 - Check plugin filemanager
2022-11-20 21:16:57,972 [INFO] PluginManage:352 - Loaded plugin filemanager (category:base,tabindex:10)
2022-11-20 21:16:57,972 [INFO] PluginManage:302 - Check plugin ipmanager
2022-11-20 21:16:57,995 [INFO] PluginManage:352 - Loaded plugin ipmanager (category:base,tabindex:5)
2022-11-20 21:16:57,996 [INFO] PluginManage:302 - Check plugin pinoutandconfiguration
2022-11-20 21:16:58,022 [INFO] PluginManage:352 - Loaded plugin pinoutandconfiguration (category:base,tabindex:1)
2022-11-20 21:16:58,023 [INFO] PluginManage:302 - Check plugin pinoutconfig
2022-11-20 21:16:58,100 [INFO] PluginManage:352 - Loaded plugin pinoutconfig (category:base,tabindex:0)
2022-11-20 21:16:58,100 [INFO] PluginManage:302 - Check plugin power
2022-11-20 21:16:58,129 [INFO] PluginManage:352 - Loaded plugin power (category:power,tabindex:4)
2022-11-20 21:16:58,130 [INFO] PluginManage:302 - Check plugin projectmanager
2022-11-20 21:16:58,174 [INFO] PluginManage:352 - Loaded plugin projectmanager (category:projectmanager,tabindex:3)
2022-11-20 21:16:58,175 [INFO] PluginManage:302 - Check plugin thirdparty
2022-11-20 21:16:58,579 [WARN] IntegrityCheckThread:78 - waiting for thirdparty lock release [integrity check]
2022-11-20 21:16:58,580 [INFO] PluginManage:352 - Loaded plugin thirdparty (category:base,tabindex:-1)
2022-11-20 21:16:58,582 [INFO] IntegrityCheckThread:80 - entering critical section [integrity check]
2022-11-20 21:16:58,582 [INFO] PluginManage:302 - Check plugin tools
2022-11-20 21:16:58,583 [INFO] ThirdPartyUpdaterWithRetryManager:66 - Updater plugin not ready yet. [1/15]
2022-11-20 21:16:58,589 [INFO] PluginManage:352 - Loaded plugin tools (category:base,tabindex:7)
2022-11-20 21:16:58,589 [INFO] PluginManage:302 - Check plugin tutovideos
2022-11-20 21:16:59,037 [INFO] PluginManage:352 - Loaded plugin tutovideos (category:base,tabindex:-1)
2022-11-20 21:16:59,037 [INFO] PluginManage:302 - Check plugin updater
2022-11-20 21:16:59,055 [INFO] PluginManage:352 - Loaded plugin updater (category:base,tabindex:12)
2022-11-20 21:16:59,055 [INFO] PluginManage:275 - PluginManage : Loaded plugins [13]
2022-11-20 21:16:59,296 [INFO] PinOutPanel:1463 - setPackage(No Configuration,No Configuration)
2022-11-20 21:16:59,422 [INFO] IPUIPlugin:74 - create IPUIPlugin
2022-11-20 21:16:59,422 [INFO] PluginManager:213 - loadIPPluginJar : add adc
2022-11-20 21:16:59,433 [INFO] IPUIPlugin:74 - create IPUIPlugin
2022-11-20 21:16:59,433 [INFO] PluginManager:213 - loadIPPluginJar : add aes
2022-11-20 21:16:59,443 [INFO] IPUIPlugin:74 - create IPUIPlugin
2022-11-20 21:16:59,444 [INFO] PluginManager:213 - loadIPPluginJar : add can
2022-11-20 21:16:59,450 [INFO] IPUIPlugin:74 - create IPUIPlugin
2022-11-20 21:16:59,450 [INFO] PluginManager:213 - loadIPPluginJar : add comp
2022-11-20 21:16:59,455 [INFO] IPUIPlugin:74 - create IPUIPlugin
2022-11-20 21:16:59,455 [INFO] PluginManager:213 - loadIPPluginJar : add cryp
2022-11-20 21:16:59,465 [INFO] IPUIPlugin:74 - create IPUIPlugin
2022-11-20 21:16:59,466 [INFO] PluginManager:213 - loadIPPluginJar : add dfsdm
2022-11-20 21:16:59,479 [INFO] IPUIPlugin:74 - create IPUIPlugin
2022-11-20 21:16:59,481 [INFO] PluginManager:213 - loadIPPluginJar : add dma
2022-11-20 21:16:59,487 [INFO] IPUIPlugin:74 - create IPUIPlugin
2022-11-20 21:16:59,487 [INFO] PluginManager:213 - loadIPPluginJar : add dma3
2022-11-20 21:16:59,492 [INFO] IPUIPlugin:74 - create IPUIPlugin
2022-11-20 21:16:59,492 [INFO] PluginManager:213 - loadIPPluginJar : add fatfs
2022-11-20 21:16:59,503 [INFO] IPUIPlugin:74 - create IPUIPlugin
2022-11-20 21:16:59,503 [INFO] PluginManager:213 - loadIPPluginJar : add fmc
2022-11-20 21:16:59,519 [INFO] IPUIPlugin:74 - create IPUIPlugin
2022-11-20 21:16:59,519 [INFO] PluginManager:213 - loadIPPluginJar : add freertos
2022-11-20 21:16:59,523 [INFO] IPUIPlugin:74 - create IPUIPlugin
2022-11-20 21:16:59,523 [INFO] PluginManager:213 - loadIPPluginJar : add genericplugin
2022-11-20 21:16:59,528 [INFO] IPUIPlugin:74 - create IPUIPlugin
2022-11-20 21:16:59,528 [INFO] PluginManager:213 - loadIPPluginJar : add gfxmmu
2022-11-20 21:16:59,538 [INFO] IPUIPlugin:74 - create IPUIPlugin
2022-11-20 21:16:59,538 [INFO] PluginManager:213 - loadIPPluginJar : add gic
2022-11-20 21:16:59,547 [INFO] IPUIPlugin:74 - create IPUIPlugin
2022-11-20 21:16:59,547 [INFO] PluginManager:213 - loadIPPluginJar : add gpio
2022-11-20 21:16:59,552 [INFO] IPUIPlugin:74 - create IPUIPlugin
2022-11-20 21:16:59,552 [INFO] PluginManager:213 - loadIPPluginJar : add gtzc
2022-11-20 21:16:59,555 [INFO] IPUIPlugin:74 - create IPUIPlugin
2022-11-20 21:16:59,556 [INFO] PluginManager:213 - loadIPPluginJar : add hash
2022-11-20 21:16:59,559 [INFO] IPUIPlugin:74 - create IPUIPlugin
2022-11-20 21:16:59,559 [INFO] PluginManager:213 - loadIPPluginJar : add i2c
2022-11-20 21:16:59,563 [INFO] IPUIPlugin:74 - create IPUIPlugin
2022-11-20 21:16:59,563 [INFO] PluginManager:213 - loadIPPluginJar : add i2s
2022-11-20 21:16:59,568 [INFO] IPUIPlugin:74 - create IPUIPlugin
2022-11-20 21:16:59,568 [INFO] PluginManager:213 - loadIPPluginJar : add ipddr
2022-11-20 21:16:59,576 [INFO] IPUIPlugin:74 - create IPUIPlugin
2022-11-20 21:16:59,576 [INFO] PluginManager:213 - loadIPPluginJar : add linkedlist
2022-11-20 21:16:59,580 [INFO] IPUIPlugin:74 - create IPUIPlugin
2022-11-20 21:16:59,580 [INFO] PluginManager:213 - loadIPPluginJar : add lorawan
2022-11-20 21:16:59,583 [INFO] IPUIPlugin:74 - create IPUIPlugin
2022-11-20 21:16:59,583 [INFO] PluginManager:213 - loadIPPluginJar : add ltdc
2022-11-20 21:16:59,588 [INFO] IPUIPlugin:74 - create IPUIPlugin
2022-11-20 21:16:59,588 [INFO] PluginManager:213 - loadIPPluginJar : add mdma
2022-11-20 21:16:59,592 [INFO] IPUIPlugin:74 - create IPUIPlugin
2022-11-20 21:16:59,592 [INFO] PluginManager:213 - loadIPPluginJar : add nvic
2022-11-20 21:16:59,597 [INFO] IPUIPlugin:74 - create IPUIPlugin
2022-11-20 21:16:59,597 [INFO] PluginManager:213 - loadIPPluginJar : add opamp
2022-11-20 21:16:59,601 [INFO] IPUIPlugin:74 - create IPUIPlugin
2022-11-20 21:16:59,602 [INFO] PluginManager:213 - loadIPPluginJar : add openamp
2022-11-20 21:16:59,611 [INFO] IPUIPlugin:74 - create IPUIPlugin
2022-11-20 21:16:59,611 [INFO] PluginManager:213 - loadIPPluginJar : add pdm2pcm
2022-11-20 21:16:59,621 [INFO] IPUIPlugin:74 - create IPUIPlugin
2022-11-20 21:16:59,625 [INFO] PluginManager:213 - loadIPPluginJar : add plateformsettings
2022-11-20 21:16:59,629 [INFO] IPUIPlugin:74 - create IPUIPlugin
2022-11-20 21:16:59,629 [INFO] PluginManager:213 - loadIPPluginJar : add quadspi
2022-11-20 21:16:59,633 [INFO] IPUIPlugin:74 - create IPUIPlugin
2022-11-20 21:16:59,634 [INFO] PluginManager:213 - loadIPPluginJar : add resmgrutility
2022-11-20 21:16:59,637 [INFO] IPUIPlugin:74 - create IPUIPlugin
2022-11-20 21:16:59,637 [INFO] PluginManager:213 - loadIPPluginJar : add sai
2022-11-20 21:16:59,640 [INFO] IPUIPlugin:74 - create IPUIPlugin
2022-11-20 21:16:59,640 [INFO] PluginManager:213 - loadIPPluginJar : add spi
2022-11-20 21:16:59,645 [INFO] IPUIPlugin:74 - create IPUIPlugin
2022-11-20 21:16:59,645 [INFO] PluginManager:213 - loadIPPluginJar : add stm32_wpan
2022-11-20 21:16:59,649 [INFO] IPUIPlugin:74 - create IPUIPlugin
2022-11-20 21:16:59,649 [INFO] PluginManager:213 - loadIPPluginJar : add tim
2022-11-20 21:16:59,652 [INFO] IPUIPlugin:74 - create IPUIPlugin
2022-11-20 21:16:59,652 [INFO] PluginManager:213 - loadIPPluginJar : add touchsensing
2022-11-20 21:16:59,655 [INFO] IPUIPlugin:74 - create IPUIPlugin
2022-11-20 21:16:59,655 [INFO] PluginManager:213 - loadIPPluginJar : add tracer_emb
2022-11-20 21:16:59,658 [INFO] IPUIPlugin:74 - create IPUIPlugin
2022-11-20 21:16:59,658 [INFO] PluginManager:213 - loadIPPluginJar : add ts
2022-11-20 21:16:59,661 [INFO] IPUIPlugin:74 - create IPUIPlugin
2022-11-20 21:16:59,662 [INFO] PluginManager:213 - loadIPPluginJar : add tsc
2022-11-20 21:16:59,681 [INFO] IPUIPlugin:74 - create IPUIPlugin
2022-11-20 21:16:59,681 [INFO] PluginManager:213 - loadIPPluginJar : add ucpd
2022-11-20 21:16:59,686 [INFO] IPUIPlugin:74 - create IPUIPlugin
2022-11-20 21:16:59,686 [INFO] PluginManager:213 - loadIPPluginJar : add usart
2022-11-20 21:16:59,691 [INFO] IPUIPlugin:74 - create IPUIPlugin
2022-11-20 21:16:59,691 [INFO] PluginManager:213 - loadIPPluginJar : add usbx
2022-11-20 21:17:00,172 [FATAL] Updater:294 - Updater called before beeing initialized
2022-11-20 21:17:00,452 [FATAL] Updater:294 - Updater called before beeing initialized
2022-11-20 21:17:00,464 [INFO] DbMcusAds:47 - JSON generation date=Thu Sep 30 13:56:37 ICT 2021 (1632984997303)
2022-11-20 21:17:00,465 [FATAL] Updater:294 - Updater called before beeing initialized
2022-11-20 21:17:00,646 [WARN] DetailPanel:314 - Failed to get advertising image, set to default
2022-11-20 21:17:00,958 [FATAL] Updater:294 - Updater called before beeing initialized
2022-11-20 21:17:00,964 [FATAL] Updater:294 - Updater called before beeing initialized
2022-11-20 21:17:00,965 [FATAL] Updater:294 - Updater called before beeing initialized
2022-11-20 21:17:00,965 [WARN] DetailPanel:314 - Failed to get advertising image, set to default
2022-11-20 21:17:00,968 [FATAL] Updater:294 - Updater called before beeing initialized
2022-11-20 21:17:01,095 [ERROR] Updater:1075 - MainUpdater not yet initialized. External WinMGr cannot be set.
2022-11-20 21:17:01,101 [INFO] Updater:1012 - Updater Version found : 6.3.0
2022-11-20 21:17:01,135 [INFO] ApplicationProperties:181 - Using Application install path: E:\Program Files (x86)\STM32CubeIDE_1.7.0\STM32CubeIDE\plugins\com.st.stm32cube.common.mx_6.3.0.202107141111
2022-11-20 21:17:01,540 [INFO] MainUpdater:2671 - connection check result : 10
2022-11-20 21:17:01,540 [INFO] MainUpdater:3359 - Updater definition file requires update
2022-11-20 21:17:01,542 [INFO] MainUpdater:265 - Updater Check For Update Now.
2022-11-20 21:17:01,542 [INFO] MicroXplorer:478 - Change Database Version : DB.6.0.30
2022-11-20 21:17:01,585 [WARN] MainUpdater:1122 - Updater busy. Cannot search thirdparties
2022-11-20 21:17:01,585 [INFO] ThirdPartyUpdaterWithRetryManager:92 - Updater plugin is busy. [1/15]
2022-11-20 21:17:01,902 [INFO] ServerAccessManage:362 - Download File updaters.zip
2022-11-20 21:17:02,096 [INFO] FileExtend:235 - Unzip File : updaters.zip
2022-11-20 21:17:02,096 [INFO] FileExtend:250 - Standard Zip Deflate
2022-11-20 21:17:02,985 [INFO] ServerAccessManage:362 - Download File PacksControlFlags.xml
2022-11-20 21:17:03,361 [INFO] ServerAccessManage:362 - Download File cubemx.pidx
2022-11-20 21:17:03,488 [INFO] LoadServerUpdatesThread:339 - End of LoadServerUpdate Thread
2022-11-20 21:17:03,653 [INFO] CheckServerUpdateThread:112 - End of CheckServer Thread
2022-11-20 21:17:03,729 [INFO] MainUpdater:2671 - connection check result : 10
2022-11-20 21:17:03,734 [INFO] McuFinderGlobals:52 - Set McuFinderConnectedMode to true
2022-11-20 21:17:04,209 [INFO] ServerAccessManage:362 - Download File mcusAds.json._tmp_
2022-11-20 21:17:04,334 [INFO] LoadUrlFilesThread:145 - End of LoadUrlFiles Thread
2022-11-20 21:17:04,595 [WARN] MainUpdater:1122 - Updater busy. Cannot search thirdparties
2022-11-20 21:17:04,595 [INFO] ThirdPartyUpdaterWithRetryManager:92 - Updater plugin is busy. [2/15]
2022-11-20 21:17:05,200 [INFO] ServerAccessManage:362 - Download File mcusDocs.json._tmp_
2022-11-20 21:17:06,130 [INFO] LoadUrlFilesThread:145 - End of LoadUrlFiles Thread
2022-11-20 21:17:06,302 [INFO] ServerAccessManage:362 - Download File mcusFeaturesAndDescription.json._tmp_
2022-11-20 21:17:07,599 [WARN] MainUpdater:1122 - Updater busy. Cannot search thirdparties
2022-11-20 21:17:07,599 [INFO] ThirdPartyUpdaterWithRetryManager:92 - Updater plugin is busy. [3/15]
2022-11-20 21:17:10,611 [WARN] MainUpdater:1122 - Updater busy. Cannot search thirdparties
2022-11-20 21:17:10,611 [INFO] ThirdPartyUpdaterWithRetryManager:92 - Updater plugin is busy. [4/15]
2022-11-20 21:17:13,623 [WARN] MainUpdater:1122 - Updater busy. Cannot search thirdparties
2022-11-20 21:17:13,623 [INFO] ThirdPartyUpdaterWithRetryManager:92 - Updater plugin is busy. [5/15]
2022-11-20 21:17:15,971 [INFO] LoadUrlFilesThread:145 - End of LoadUrlFiles Thread
2022-11-20 21:17:16,164 [INFO] ServerAccessManage:362 - Download File boardsDocs.json._tmp_
2022-11-20 21:17:16,317 [INFO] LoadUrlFilesThread:145 - End of LoadUrlFiles Thread
2022-11-20 21:17:16,551 [INFO] ServerAccessManage:362 - Download File boards.json._tmp_
2022-11-20 21:17:16,623 [WARN] MainUpdater:1122 - Updater busy. Cannot search thirdparties
2022-11-20 21:17:16,623 [INFO] ThirdPartyUpdaterWithRetryManager:92 - Updater plugin is busy. [6/15]
2022-11-20 21:17:17,081 [INFO] LoadUrlFilesThread:145 - End of LoadUrlFiles Thread
2022-11-20 21:17:17,400 [INFO] ServerAccessManage:362 - Download File cube-finder-db.zip
2022-11-20 21:17:19,629 [WARN] MainUpdater:1122 - Updater busy. Cannot search thirdparties
2022-11-20 21:17:19,629 [INFO] ThirdPartyUpdaterWithRetryManager:92 - Updater plugin is busy. [7/15]
2022-11-20 21:17:22,643 [WARN] MainUpdater:1122 - Updater busy. Cannot search thirdparties
2022-11-20 21:17:22,643 [INFO] ThirdPartyUpdaterWithRetryManager:92 - Updater plugin is busy. [8/15]
2022-11-20 21:17:25,648 [WARN] MainUpdater:1122 - Updater busy. Cannot search thirdparties
2022-11-20 21:17:25,648 [INFO] ThirdPartyUpdaterWithRetryManager:92 - Updater plugin is busy. [9/15]
2022-11-20 21:17:28,650 [WARN] MainUpdater:1122 - Updater busy. Cannot search thirdparties
2022-11-20 21:17:28,650 [INFO] ThirdPartyUpdaterWithRetryManager:92 - Updater plugin is busy. [10/15]
2022-11-20 21:17:31,653 [WARN] MainUpdater:1122 - Updater busy. Cannot search thirdparties
2022-11-20 21:17:31,653 [INFO] ThirdPartyUpdaterWithRetryManager:92 - Updater plugin is busy. [11/15]
2022-11-20 21:17:34,668 [WARN] MainUpdater:1122 - Updater busy. Cannot search thirdparties
2022-11-20 21:17:34,668 [INFO] ThirdPartyUpdaterWithRetryManager:92 - Updater plugin is busy. [12/15]
2022-11-20 21:17:37,678 [WARN] MainUpdater:1122 - Updater busy. Cannot search thirdparties
2022-11-20 21:17:37,678 [INFO] ThirdPartyUpdaterWithRetryManager:92 - Updater plugin is busy. [13/15]
2022-11-20 21:17:40,683 [WARN] MainUpdater:1122 - Updater busy. Cannot search thirdparties
2022-11-20 21:17:40,683 [INFO] ThirdPartyUpdaterWithRetryManager:92 - Updater plugin is busy. [14/15]
2022-11-20 21:17:43,696 [WARN] MainUpdater:1122 - Updater busy. Cannot search thirdparties
2022-11-20 21:17:43,696 [INFO] ThirdPartyUpdaterWithRetryManager:92 - Updater plugin is busy. [15/15]
2022-11-20 21:17:43,696 [ERROR] IntegrityCheckThread:124 - Cannot retrieve database content from updater: error -1
2022-11-20 21:17:43,696 [INFO] ThirdParty:915 - Integrity check success = false
2022-11-20 21:17:43,696 [INFO] IntegrityCheckThread:94 - exiting critical section [integrity check]
2022-11-20 21:17:43,696 [INFO] IntegrityCheckThread:97 - End integrity checks thread
2022-11-20 21:17:48,208 [INFO] FileExtend:235 - Unzip File : cube-finder-db.zip
2022-11-20 21:17:48,208 [INFO] FileExtend:250 - Standard Zip Deflate
2022-11-20 21:17:49,508 [INFO] LoadUrlFilesThread:145 - End of LoadUrlFiles Thread
2022-11-20 21:17:50,833 [INFO] ServerAccessManage:362 - Download File crdb.zip
2022-11-20 21:17:53,892 [INFO] FileExtend:235 - Unzip File : crdb.zip
2022-11-20 21:17:53,893 [INFO] FileExtend:250 - Standard Zip Deflate
2022-11-20 21:17:54,077 [INFO] LoadUrlFilesThread:145 - End of LoadUrlFiles Thread
2022-11-20 21:17:54,583 [INFO] ServerAccessManage:362 - Download File tutoVideoDB.zip
2022-11-20 21:17:54,690 [INFO] FileExtend:235 - Unzip File : tutoVideoDB.zip
2022-11-20 21:17:54,690 [INFO] FileExtend:250 - Standard Zip Deflate
2022-11-20 21:17:54,811 [INFO] LoadUrlFilesThread:145 - End of LoadUrlFiles Thread
2022-11-20 21:17:54,812 [INFO] DbMcusAds:47 - JSON generation date=Thu Sep 30 13:56:37 ICT 2021 (1632984997303)
2022-11-20 21:17:54,857 [INFO] DbMcusDocs:143 - JSON generation date=Tue Nov 16 23:17:54 ICT 2021 (1637079474)
2022-11-20 21:17:54,859 [INFO] DbMcusXml:100 - Load MCU database from E:\Program Files (x86)\STM32CubeIDE_1.7.0\STM32CubeIDE\plugins\com.st.stm32cube.common.mx_6.3.0.202107141111\\db\/mcu/families.xml
2022-11-20 21:17:57,309 [INFO] DbMcusJson:93 - JSON generation date=Tue Nov 16 23:17:54 ICT 2021 (1637079474)
2022-11-20 21:17:59,788 [INFO] DbMcus:175 - Found 1951 MCUs (1903 are supported by CubeMX, 1914 are visible in CubeMX)
2022-11-20 21:17:59,790 [INFO] ApiDb:251 - Load user favorites file C:\Users\ADMIN/.stm32cubeide/favorites.mcus.txt: 0 item(s)
2022-11-20 21:17:59,790 [INFO] ApiDb:255 - User favorites MCUs=[]
2022-11-20 21:17:59,790 [INFO] DbMcus:187 - Set 0 / 0 favorites MCUs
2022-11-20 21:18:01,187 [INFO] DbMcusDocs:79 - Found 682 MCUs documents
2022-11-20 21:18:01,191 [INFO] ApiDb:276 - Save user favorites file C:\Users\ADMIN/.stm32cubeide/favorites.mcus.txt: 0 item(s)
2022-11-20 21:18:01,191 [INFO] ApiDb:280 - User favorites MCUs=[]
2022-11-20 21:18:01,192 [INFO] DbMcusXml:100 - Load MCU database from E:\Program Files (x86)\STM32CubeIDE_1.7.0\STM32CubeIDE\plugins\com.st.stm32cube.common.mx_6.3.0.202107141111\\db\/mcu/families.xml
2022-11-20 21:18:02,889 [INFO] DbMcusJson:93 - JSON generation date=Tue Nov 16 23:17:54 ICT 2021 (1637079474)
2022-11-20 21:18:03,875 [INFO] DbMcus:175 - Found 1951 MCUs (1903 are supported by CubeMX, 1914 are visible in CubeMX)
2022-11-20 21:18:03,876 [INFO] ApiDb:251 - Load user favorites file C:\Users\ADMIN/.stm32cubeide/favorites.mcus.txt: 0 item(s)
2022-11-20 21:18:03,876 [INFO] ApiDb:255 - User favorites MCUs=[]
2022-11-20 21:18:03,876 [INFO] DbMcus:187 - Set 0 / 0 favorites MCUs
2022-11-20 21:18:03,896 [INFO] DbBoardsDocs:143 - JSON generation date=Tue Nov 16 23:17:54 ICT 2021 (1637079474)
2022-11-20 21:18:03,917 [INFO] DbBoardsPdsc:90 - Found 25 items
2022-11-20 21:18:03,923 [INFO] DbBoardsPdsc:90 - Found 9 items
2022-11-20 21:18:03,933 [INFO] DbBoardsPdsc:90 - Found 33 items
2022-11-20 21:18:03,969 [INFO] DbBoardsPdsc:90 - Found 1 items
2022-11-20 21:18:03,985 [INFO] DbBoardsPdsc:90 - Found 48 items
2022-11-20 21:18:04,002 [INFO] DbBoardsPdsc:90 - Found 43 items
2022-11-20 21:18:04,007 [INFO] DbBoardsPdsc:90 - Found 2 items
2022-11-20 21:18:04,012 [INFO] DbBoardsPdsc:90 - Found 5 items
2022-11-20 21:18:04,021 [WARN] DbBoardsPdsc:254 - Board STM32H7B3I-DK: unknown feature type=Audio, name=, username=Audio stereo codec with Headphone Amp (CS42L51-CNZ), n=1
2022-11-20 21:18:04,022 [WARN] DbBoardsPdsc:254 - Board STM32H735G-DK: unknown feature type=Audio, name=, username=Audio stereo codec with Headphone Amp (WM8994ECS/R), n=1
2022-11-20 21:18:04,025 [WARN] DbBoardsPdsc:254 - Board STM32H7B3I-EVAL: unknown feature type=Audio, name=, username=Multi-Channel Audio Codec (CS42L51-CNZ), n=1
2022-11-20 21:18:04,026 [WARN] DbBoardsPdsc:254 - Board STM32H7B3I-EVAL: unknown feature type=Meter, name=, username=Power-metering and Temperature-monitoring with sigma-delta modulators, n=1
2022-11-20 21:18:04,026 [WARN] DbBoardsPdsc:254 - Board STM32H7B3I-EVAL: unknown feature type=Motor, name=, username=Motor Control, n=1
2022-11-20 21:18:04,028 [WARN] DbBoardsPdsc:254 - Board STM32U575I-EV: unknown feature type=joystick, name=, username=4-direction joystick with selection button, n=1
2022-11-20 21:18:04,104 [INFO] DbBoardsJson:86 - JSON generation date=Tue Nov 16 23:17:54 ICT 2021 (1637079474)
2022-11-20 21:18:04,121 [INFO] DbBoards:117 - Found 167 boards (163 are supported by CubeMX)
2022-11-20 21:18:04,129 [INFO] DbBoardsDocs:143 - JSON generation date=Tue Nov 16 23:17:54 ICT 2021 (1637079474)
2022-11-20 21:18:04,138 [INFO] DbBoardsDocs:79 - Found 209 boards documents
2022-11-20 21:18:04,141 [WARN] DbBoards:127 - board B-L475E-IOT01A2 has no document id list !
2022-11-20 21:18:04,144 [WARN] DbBoards:127 - board NUCLEO-H743ZI has no document id list !
2022-11-20 21:18:04,146 [WARN] DbBoards:127 - board NUCLEO-WL55JC2 has no document id list !
2022-11-20 21:18:04,146 [WARN] DbBoards:127 - board P-NUCLEO-WB55-Nucleo has no document id list !
2022-11-20 21:18:04,147 [WARN] DbBoards:127 - board P-NUCLEO-WB55-USBDongle has no document id list !
2022-11-20 21:18:04,147 [WARN] DbBoards:127 - board STEVAL-BFA001V1B has no document id list !
2022-11-20 21:18:04,147 [WARN] DbBoards:127 - board STEVAL-BFA001V2B has no document id list !
2022-11-20 21:18:04,147 [WARN] DbBoards:127 - board STEVAL-IDP005V1 has no document id list !
2022-11-20 21:18:04,147 [WARN] DbBoards:127 - board STEVAL-IDP005V2 has no document id list !
2022-11-20 21:18:04,147 [WARN] DbBoards:127 - board STEVAL-MKSBOX1V1 has no document id list !
2022-11-20 21:18:04,147 [WARN] DbBoards:127 - board STEVAL-STWINKT1 has no document id list !
2022-11-20 21:18:04,148 [WARN] DbBoards:127 - board STEVAL-STWINKT1B has no document id list !
2022-11-20 21:18:04,148 [WARN] DbBoards:127 - board STM32439I-EVAL2 has no document id list !
2022-11-20 21:18:04,149 [WARN] DbBoards:127 - board STM32F401C-DISCO has no document id list !
2022-11-20 21:18:04,150 [WARN] DbBoards:127 - board STM32F769I-DISC1 has no document id list !
2022-11-20 21:18:04,151 [WARN] DbBoards:127 - board STM32G474E-EVAL1 has no document id list !
2022-11-20 21:18:04,152 [WARN] DbBoards:127 - board STM32H743I-EVAL2 has no document id list !
2022-11-20 21:18:04,152 [WARN] DbBoards:127 - board STM32H747I-DISC1 has no document id list !
2022-11-20 21:18:04,153 [WARN] DbBoards:127 - board STM32H753I-EVAL2 has no document id list !
2022-11-20 21:18:04,153 [WARN] DbBoards:127 - board STM32L-DISCOVERY has no document id list !
2022-11-20 21:18:04,464 [ERROR] DbBoards:189 - Image file not found for board B-U585I-IOT02A: E:\Program Files (x86)\STM32CubeIDE_1.7.0\STM32CubeIDE\plugins\com.st.stm32cube.common.mx_6.3.0.202107141111\\db\/plugins/mcufinder/images/boards/B-U585I-IOT02A_small.jpg
2022-11-20 21:18:04,702 [ERROR] DbBoards:189 - Image file not found for board NUCLEO-F413ZH: E:\Program Files (x86)\STM32CubeIDE_1.7.0\STM32CubeIDE\plugins\com.st.stm32cube.common.mx_6.3.0.202107141111\\db\/plugins/mcufinder/images/boards/nucleo-f413zh_small.jpg
2022-11-20 21:18:05,170 [ERROR] DbBoards:189 - Image file not found for board NUCLEO-L552ZE-Q: E:\Program Files (x86)\STM32CubeIDE_1.7.0\STM32CubeIDE\plugins\com.st.stm32cube.common.mx_6.3.0.202107141111\\db\/plugins/mcufinder/images/boards/nucleo_l552ze_q_small.jpg
2022-11-20 21:18:05,171 [ERROR] DbBoards:189 - Image file not found for board NUCLEO-U575ZI-Q: E:\Program Files (x86)\STM32CubeIDE_1.7.0\STM32CubeIDE\plugins\com.st.stm32cube.common.mx_6.3.0.202107141111\\db\/plugins/mcufinder/images/boards/nucleo-u575zi-q_small.jpg
2022-11-20 21:18:05,171 [ERROR] DbBoards:189 - Image file not found for board NUCLEO-WB15CC: E:\Program Files (x86)\STM32CubeIDE_1.7.0\STM32CubeIDE\plugins\com.st.stm32cube.common.mx_6.3.0.202107141111\\db\/plugins/mcufinder/images/boards/nucleo-wb15cc_small.jpg
2022-11-20 21:18:05,171 [ERROR] DbBoards:189 - Image file not found for board NUCLEO-WB55RG: E:\Program Files (x86)\STM32CubeIDE_1.7.0\STM32CubeIDE\plugins\com.st.stm32cube.common.mx_6.3.0.202107141111\\db\/plugins/mcufinder/images/boards/nucleo-wb55rg_small.jpg
2022-11-20 21:18:07,547 [INFO] ApiDb:251 - Load user favorites file C:\Users\ADMIN/.stm32cubeide/favorites.boards.txt: 0 item(s)
2022-11-20 21:18:07,548 [INFO] ApiDb:255 - User favorites Boards=[]
2022-11-20 21:18:07,548 [INFO] DbBoards:206 - Set 0 / 0 favorites Boards
2022-11-20 21:18:07,555 [INFO] DbBoardsDocs:79 - Found 418 boards documents
2022-11-20 21:18:07,556 [INFO] ApiDb:276 - Save user favorites file C:\Users\ADMIN/.stm32cubeide/favorites.boards.txt: 0 item(s)
2022-11-20 21:18:07,556 [INFO] ApiDb:280 - User favorites Boards=[]
2022-11-20 21:18:07,562 [INFO] DbBoardsPdsc:90 - Found 25 items
2022-11-20 21:18:07,565 [INFO] DbBoardsPdsc:90 - Found 9 items
2022-11-20 21:18:07,570 [INFO] DbBoardsPdsc:90 - Found 33 items
2022-11-20 21:18:07,572 [INFO] DbBoardsPdsc:90 - Found 1 items
2022-11-20 21:18:07,581 [INFO] DbBoardsPdsc:90 - Found 48 items
2022-11-20 21:18:07,592 [INFO] DbBoardsPdsc:90 - Found 43 items
2022-11-20 21:18:07,594 [INFO] DbBoardsPdsc:90 - Found 2 items
2022-11-20 21:18:07,597 [INFO] DbBoardsPdsc:90 - Found 5 items
2022-11-20 21:18:07,601 [WARN] DbBoardsPdsc:254 - Board STM32H7B3I-DK: unknown feature type=Audio, name=, username=Audio stereo codec with Headphone Amp (CS42L51-CNZ), n=1
2022-11-20 21:18:07,602 [WARN] DbBoardsPdsc:254 - Board STM32H735G-DK: unknown feature type=Audio, name=, username=Audio stereo codec with Headphone Amp (WM8994ECS/R), n=1
2022-11-20 21:18:07,604 [WARN] DbBoardsPdsc:254 - Board STM32H7B3I-EVAL: unknown feature type=Audio, name=, username=Multi-Channel Audio Codec (CS42L51-CNZ), n=1
2022-11-20 21:18:07,605 [WARN] DbBoardsPdsc:254 - Board STM32H7B3I-EVAL: unknown feature type=Meter, name=, username=Power-metering and Temperature-monitoring with sigma-delta modulators, n=1
2022-11-20 21:18:07,605 [WARN] DbBoardsPdsc:254 - Board STM32H7B3I-EVAL: unknown feature type=Motor, name=, username=Motor Control, n=1
2022-11-20 21:18:07,606 [WARN] DbBoardsPdsc:254 - Board STM32U575I-EV: unknown feature type=joystick, name=, username=4-direction joystick with selection button, n=1
2022-11-20 21:18:07,694 [INFO] DbBoardsJson:86 - JSON generation date=Tue Nov 16 23:17:54 ICT 2021 (1637079474)
2022-11-20 21:18:07,704 [INFO] DbBoards:117 - Found 167 boards (163 are supported by CubeMX)
2022-11-20 21:18:07,705 [WARN] DbBoards:127 - board B-L475E-IOT01A2 has no document id list !
2022-11-20 21:18:07,707 [WARN] DbBoards:127 - board NUCLEO-H743ZI has no document id list !
2022-11-20 21:18:07,708 [WARN] DbBoards:127 - board NUCLEO-WL55JC2 has no document id list !
2022-11-20 21:18:07,708 [WARN] DbBoards:127 - board P-NUCLEO-WB55-Nucleo has no document id list !
2022-11-20 21:18:07,708 [WARN] DbBoards:127 - board P-NUCLEO-WB55-USBDongle has no document id list !
2022-11-20 21:18:07,709 [WARN] DbBoards:127 - board STEVAL-BFA001V1B has no document id list !
2022-11-20 21:18:07,709 [WARN] DbBoards:127 - board STEVAL-BFA001V2B has no document id list !
2022-11-20 21:18:07,709 [WARN] DbBoards:127 - board STEVAL-IDP005V1 has no document id list !
2022-11-20 21:18:07,709 [WARN] DbBoards:127 - board STEVAL-IDP005V2 has no document id list !
2022-11-20 21:18:07,709 [WARN] DbBoards:127 - board STEVAL-MKSBOX1V1 has no document id list !
2022-11-20 21:18:07,709 [WARN] DbBoards:127 - board STEVAL-STWINKT1 has no document id list !
2022-11-20 21:18:07,709 [WARN] DbBoards:127 - board STEVAL-STWINKT1B has no document id list !
2022-11-20 21:18:07,710 [WARN] DbBoards:127 - board STM32439I-EVAL2 has no document id list !
2022-11-20 21:18:07,710 [WARN] DbBoards:127 - board STM32F401C-DISCO has no document id list !
2022-11-20 21:18:07,710 [WARN] DbBoards:127 - board STM32F769I-DISC1 has no document id list !
2022-11-20 21:18:07,710 [WARN] DbBoards:127 - board STM32G474E-EVAL1 has no document id list !
2022-11-20 21:18:07,710 [WARN] DbBoards:127 - board STM32H743I-EVAL2 has no document id list !
2022-11-20 21:18:07,711 [WARN] DbBoards:127 - board STM32H747I-DISC1 has no document id list !
2022-11-20 21:18:07,711 [WARN] DbBoards:127 - board STM32H753I-EVAL2 has no document id list !
2022-11-20 21:18:07,711 [WARN] DbBoards:127 - board STM32L-DISCOVERY has no document id list !
2022-11-20 21:18:07,882 [ERROR] DbBoards:189 - Image file not found for board B-U585I-IOT02A: E:\Program Files (x86)\STM32CubeIDE_1.7.0\STM32CubeIDE\plugins\com.st.stm32cube.common.mx_6.3.0.202107141111\\db\/plugins/mcufinder/images/boards/B-U585I-IOT02A_small.jpg
2022-11-20 21:18:08,071 [ERROR] DbBoards:189 - Image file not found for board NUCLEO-F413ZH: E:\Program Files (x86)\STM32CubeIDE_1.7.0\STM32CubeIDE\plugins\com.st.stm32cube.common.mx_6.3.0.202107141111\\db\/plugins/mcufinder/images/boards/nucleo-f413zh_small.jpg
2022-11-20 21:18:08,526 [ERROR] DbBoards:189 - Image file not found for board NUCLEO-L552ZE-Q: E:\Program Files (x86)\STM32CubeIDE_1.7.0\STM32CubeIDE\plugins\com.st.stm32cube.common.mx_6.3.0.202107141111\\db\/plugins/mcufinder/images/boards/nucleo_l552ze_q_small.jpg
2022-11-20 21:18:08,526 [ERROR] DbBoards:189 - Image file not found for board NUCLEO-U575ZI-Q: E:\Program Files (x86)\STM32CubeIDE_1.7.0\STM32CubeIDE\plugins\com.st.stm32cube.common.mx_6.3.0.202107141111\\db\/plugins/mcufinder/images/boards/nucleo-u575zi-q_small.jpg
2022-11-20 21:18:08,526 [ERROR] DbBoards:189 - Image file not found for board NUCLEO-WB15CC: E:\Program Files (x86)\STM32CubeIDE_1.7.0\STM32CubeIDE\plugins\com.st.stm32cube.common.mx_6.3.0.202107141111\\db\/plugins/mcufinder/images/boards/nucleo-wb15cc_small.jpg
2022-11-20 21:18:08,526 [ERROR] DbBoards:189 - Image file not found for board NUCLEO-WB55RG: E:\Program Files (x86)\STM32CubeIDE_1.7.0\STM32CubeIDE\plugins\com.st.stm32cube.common.mx_6.3.0.202107141111\\db\/plugins/mcufinder/images/boards/nucleo-wb55rg_small.jpg
2022-11-20 21:18:10,101 [INFO] ApiDb:251 - Load user favorites file C:\Users\ADMIN/.stm32cubeide/favorites.boards.txt: 0 item(s)
2022-11-20 21:18:10,101 [INFO] ApiDb:255 - User favorites Boards=[]
2022-11-20 21:18:10,101 [INFO] DbBoards:206 - Set 0 / 0 favorites Boards
2022-11-20 21:18:10,126 [INFO] LoadUrlFilesThread:172 - End of LoadServerUrlFiles without Thread
2022-11-20 21:18:10,126 [INFO] TargetSelectorAdapter:224 - Refresh data is successful
2022-11-20 21:18:10,247 [INFO] ApiDb:479 - Connected to CubeFinder SQLite database (C:\Users\ADMIN\.stmcufinder\plugins\mcufinder\mcu\cube-finder-db.db)
2022-11-20 21:18:11,919 [INFO] DbExamplesSqlite:411 - Ignored 31 examples not supported by CubeIDE
2022-11-20 21:18:11,919 [INFO] DbExamplesSqlite:412 - Found 6197 examples active
2022-11-20 21:18:11,920 [INFO] DbExamplesSqlite:413 - Found 89 examples obsolete
2022-11-20 21:18:11,920 [INFO] DbExamplesSqlite:414 - Found 0 examples under development
2022-11-20 21:18:11,920 [INFO] DbExamplesSqlite:415 - Found 76 examples not building
2022-11-20 21:18:11,966 [INFO] DbExamplesSqlite:108 - CubeFinder database Data Model version=2.1
2022-11-20 21:18:11,967 [INFO] DbExamplesSqlite:109 - CubeFinder database Configuration version=3.0.32
2022-11-20 21:18:11,967 [INFO] DbExamplesSqlite:110 - CubeFinder database generation date=2022-08-05 (1659688109)
2022-11-20 21:18:11,967 [INFO] DbExamplesSqlite:111 - CubeFinder database FW Pack versions=[STM32Cube_FW_C0_V1.0.0, STM32Cube_FW_F4_V1.27.1, STM32Cube_FW_F7_V1.17.0, STM32Cube_FW_G0_V1.6.1, STM32Cube_FW_G4_V1.5.0, STM32Cube_FW_H7_V1.10.0, STM32Cube_FW_L5_V1.4.0, STM32Cube_FW_U5_V1.1.1, STM32Cube_FW_WB_V1.14.1, STM32Cube_FW_WL_V1.2.0, X-CUBE-ALGOBUILD_V1.3.0, X-CUBE-ALS_V1.0.1, X-CUBE-AZRTOS-F4_V1.1.0, X-CUBE-AZRTOS-F7_V1.1.0, X-CUBE-AZRTOS-G0_V1.1.0, X-CUBE-AZRTOS-G4_V1.0.0, X-CUBE-AZRTOS-H7_V2.1.0, X-CUBE-AZRTOS-L4_V1.0.0, X-CUBE-AZRTOS-L5_V1.0.0, X-CUBE-AZRTOS-WL_V1.0.0, X-CUBE-BLE1_V6.2.3, X-CUBE-BLE2_V3.3.0, X-CUBE-EEPRMA1_V3.1.1, X-CUBE-GNSS1_V6.0.0, X-CUBE-MEMS1_V9.1.0, X-CUBE-MEMS1_V9.3.0, X-CUBE-NFC4_V2.0.4, X-CUBE-NFC7_V1.0.0, X-CUBE-SFXS2LP1_V4.0.0, X-CUBE-SUBG2_V5.0.0]
2022-11-20 21:18:11,969 [INFO] DbExamples:130 - Found 6242 examples
2022-11-20 21:18:13,192 [ERROR] DbExamples:206 - Found 6242 examples with invalid data (board or MCU)
2022-11-20 21:18:13,193 [INFO] DbExamples:222 - Found 74 boards with related examples
2022-11-20 21:18:13,193 [INFO] DbExamples:235 - Found 0 MCUs with related examples
2022-11-20 21:18:13,223 [INFO] ApiDb:242 - User favorites file not found: C:\Users\ADMIN/.stm32cubeide/favorites.examples.txt
2022-11-20 21:18:13,223 [INFO] DbExamples:256 - Set 0 / 0 favorites Examples
2022-11-20 21:18:13,465 [INFO] McuFinderGlobals:52 - Set McuFinderConnectedMode to false
2022-11-20 21:18:13,640 [INFO] CrossSelectorPresenter:1330 - Cross Selector saved comparison directory: C:\Users\ADMIN\.stmcufinder\plugins\mcufinder\mcu\cs_comparisons_mx
2022-11-20 21:18:13,647 [INFO] MultiScanPanel:197 - Auto-refresh data requested => check proxy status ongoing
2022-11-20 21:18:13,647 [INFO] MultiScanPanel:201 - Proxy status is invalid
2022-11-20 21:18:13,651 [INFO] FinderPluginLoader:87 - Searching for filters in installed packs
2022-11-20 21:18:14,679 [INFO] DetailPanel:309 - Set advertising image to C:/Users/ADMIN/STM32Cube/Repository/\en.Prom_NBSTM32U50921.jpg
2022-11-20 21:25:25,380 [INFO] MainUpdater:2671 - connection check result : 10
2022-11-20 21:25:25,381 [INFO] MainUpdater:2671 - connection check result : 10
2022-11-20 21:25:25,439 [INFO] MicroXplorer:448 - Change Database Path : 
2022-11-20 21:25:25,440 [INFO] MicroXplorer:478 - Change Database Version : DB.6.0.30
2022-11-20 21:25:25,440 [WARN] ThirdParty:813 - waiting for thirdparty lock release [close project]
2022-11-20 21:25:25,440 [INFO] ThirdParty:815 - entering critical section [close project]
2022-11-20 21:25:25,441 [INFO] ThirdParty:825 - exiting critical section [close project]
2022-11-20 21:25:25,453 [INFO] PinOutPanel:1463 - setPackage(No Configuration,No Configuration)
2022-11-20 21:25:25,455 [INFO] UtilMem:74 - Begin LoadConfig() Used Memory: 618431448 Bytes (983564288)
2022-11-20 21:25:25,457 [INFO] MicroXplorer:448 - Change Database Path : 
2022-11-20 21:25:25,457 [INFO] MicroXplorer:478 - Change Database Version : DB.6.0.30
2022-11-20 21:25:25,457 [INFO] OpenFileManager:313 - Change cursor
2022-11-20 21:25:25,487 [WARN] IntegrityCheckThread:78 - waiting for thirdparty lock release [integrity check]
2022-11-20 21:25:25,488 [INFO] IntegrityCheckThread:80 - entering critical section [integrity check]
2022-11-20 21:25:25,900 [WARN] PackLoader:238 - Cannot read IP mode file for STMicroelectronics.X-CUBE-GNSS1.6.0.0
2022-11-20 21:25:25,985 [WARN] PackLoader:238 - Cannot read IP mode file for STMicroelectronics.X-CUBE-AZRTOS-F4.1.1.0
2022-11-20 21:25:26,020 [WARN] PackLoader:238 - Cannot read IP mode file for STMicroelectronics.X-CUBE-BLEMGR.1.2.0
2022-11-20 21:25:26,075 [WARN] PackLoader:238 - Cannot read IP mode file for STMicroelectronics.X-CUBE-AZRTOS-F7.1.1.0
2022-11-20 21:25:26,093 [WARN] PackLoader:238 - Cannot read IP mode file for STMicroelectronics.X-CUBE-BLE1.6.2.3
2022-11-20 21:25:26,105 [WARN] PackLoader:238 - Cannot read IP mode file for STMicroelectronics.X-CUBE-NFC4.2.0.5
2022-11-20 21:25:26,117 [WARN] PackLoader:238 - Cannot read IP mode file for STMicroelectronics.X-CUBE-NFC4.2.0.4
2022-11-20 21:25:26,140 [WARN] PackLoader:238 - Cannot read IP mode file for STMicroelectronics.X-CUBE-TOF1.3.1.0
2022-11-20 21:25:26,168 [WARN] PackLoader:238 - Cannot read IP mode file for STMicroelectronics.X-CUBE-NFC7.1.0.0
2022-11-20 21:25:26,259 [WARN] PackLoader:238 - Cannot read IP mode file for STMicroelectronics.X-CUBE-MEMS1.9.3.0
2022-11-20 21:25:26,783 [WARN] PackLoader:238 - Cannot read IP mode file for STMicroelectronics.X-CUBE-AI.7.2.0
2022-11-20 21:25:26,803 [WARN] PackLoader:238 - Cannot read IP mode file for STMicroelectronics.X-CUBE-SFXS2LP1.4.0.0
2022-11-20 21:25:26,849 [WARN] PackLoader:238 - Cannot read IP mode file for STMicroelectronics.X-CUBE-BLE2.3.3.0
2022-11-20 21:25:26,882 [WARN] PackLoader:238 - Cannot read IP mode file for STMicroelectronics.X-CUBE-DISPLAY.2.2.0
2022-11-20 21:25:26,909 [WARN] PackLoader:238 - Cannot read IP mode file for STMicroelectronics.X-CUBE-TOF1.3.2.0
2022-11-20 21:25:26,936 [WARN] PackLoader:238 - Cannot read IP mode file for STMicroelectronics.X-CUBE-ISPU.1.0.0
2022-11-20 21:25:26,944 [WARN] PackLoader:238 - Cannot read IP mode file for STMicroelectronics.X-CUBE-ISPU.1.1.0
2022-11-20 21:25:26,963 [WARN] PackLoader:238 - Cannot read IP mode file for RoweBots.I-CUBE-UNISONRTOS.5.5.0-4
2022-11-20 21:25:27,021 [WARN] PackLoader:238 - Cannot read IP mode file for STMicroelectronics.X-CUBE-AZRTOS-H7.2.1.0
2022-11-20 21:25:27,064 [WARN] PackLoader:238 - Cannot read IP mode file for wolfSSL.I-CUBE-wolfSSL.5.4.0
2022-11-20 21:25:27,080 [WARN] PackLoader:238 - Cannot read IP mode file for STMicroelectronics.X-CUBE-BLEMGR.1.0.0
2022-11-20 21:25:27,090 [WARN] PackLoader:238 - Cannot read IP mode file for STMicroelectronics.X-CUBE-AI.7.3.0
2022-11-20 21:25:27,103 [WARN] PackLoader:238 - Cannot read IP mode file for STMicroelectronics.X-CUBE-ALGOBUILD.1.3.0
2022-11-20 21:25:27,156 [WARN] PackLoader:238 - Cannot read IP mode file for STMicroelectronics.X-CUBE-AZRTOS-G0.1.1.0
2022-11-20 21:25:27,202 [WARN] PackLoader:238 - Cannot read IP mode file for STMicroelectronics.X-CUBE-SUBG2.5.0.0
2022-11-20 21:25:27,325 [WARN] PackLoader:238 - Cannot read IP mode file for SEGGER.I-CUBE-embOS.1.2.0
2022-11-20 21:25:27,400 [WARN] PackLoader:238 - Cannot read IP mode file for STMicroelectronics.FP-ATR-ASTRA1.1.1.1
2022-11-20 21:25:27,406 [WARN] PackLoader:238 - Cannot read IP mode file for STMicroelectronics.FP-ATR-ASTRA1.1.1.0
2022-11-20 21:25:27,455 [WARN] PackLoader:238 - Cannot read IP mode file for STMicroelectronics.X-CUBE-AZRTOS-G4.1.0.0
2022-11-20 21:25:27,482 [WARN] PackLoader:238 - Cannot read IP mode file for STMicroelectronics.FP-ATR-SIGFOX1.3.2.0
2022-11-20 21:25:27,572 [WARN] PackLoader:238 - Cannot read IP mode file for STMicroelectronics.X-CUBE-AZRTOS-L4.1.0.0
2022-11-20 21:25:27,604 [WARN] PackLoader:238 - Cannot read IP mode file for emotas.I-CUBE-CANOPEN.1.1.2
2022-11-20 21:25:27,621 [WARN] PackLoader:238 - Cannot read IP mode file for STMicroelectronics.X-CUBE-TOUCHGFX.4.20.0
2022-11-20 21:25:27,681 [WARN] PackLoader:238 - Cannot read IP mode file for STMicroelectronics.X-CUBE-AZRTOS-WL.1.0.0
2022-11-20 21:25:27,721 [WARN] PackLoader:238 - Cannot read IP mode file for portGmbH.I-Cube-SoM-uGOAL.1.1.0
2022-11-20 21:25:27,737 [WARN] PackLoader:238 - Cannot read IP mode file for STMicroelectronics.X-CUBE-ALS.1.0.1
2022-11-20 21:25:27,823 [WARN] PackLoader:238 - Cannot read IP mode file for STMicroelectronics.X-CUBE-AZRTOS-L5.1.0.0
2022-11-20 21:25:27,850 [WARN] PackLoader:238 - Cannot read IP mode file for STMicroelectronics.X-CUBE-EEPRMA1.3.1.1
2022-11-20 21:25:27,854 [INFO] ThirdParty:915 - Integrity check success = true
2022-11-20 21:25:27,855 [INFO] IntegrityCheckThread:94 - exiting critical section [integrity check]
2022-11-20 21:25:27,855 [INFO] IntegrityCheckThread:97 - End integrity checks thread
2022-11-20 21:25:29,979 [INFO] Context:592 - Trying to add GPIOservice into a context  which must be forbidden
2022-11-20 21:25:30,437 [INFO] ImportTextPane:167 - (OptionalMessage_ERROR) Unable to find key (Mcu.ThirdPartyNb) in loaded IOC file
2022-11-20 21:25:30,437 [INFO] ImportTextPane:167 - (OptionalMessage_ERROR) Unable to find key (Mcu.PinsNb) in loaded IOC file
2022-11-20 21:25:30,437 [INFO] ImportTextPane:167 - (OptionalMessage_ERROR) Unable to find key (Mcu.IPNb) in loaded IOC file
2022-11-20 21:25:30,546 [WARN] ApiManager:304 - Cannot register API 'Board Extension:GNSS1A1' from pack STMicroelectronics.X-CUBE-GNSS1.6.0.0: no header file found
2022-11-20 21:25:30,547 [WARN] ApiManager:304 - Cannot register API 'Board Support:Custom' from pack STMicroelectronics.X-CUBE-GNSS1.6.0.0: no header file found
2022-11-20 21:25:30,548 [WARN] ApiManager:304 - Cannot register API 'Data Exchange:lib_gnss' from pack STMicroelectronics.X-CUBE-GNSS1.6.0.0: no header file found
2022-11-20 21:25:30,589 [WARN] ApiManager:304 - Cannot register API 'Wireless:BlueNRG-MS' from pack STMicroelectronics.X-CUBE-BLE1.6.2.3: no header file found
2022-11-20 21:25:30,596 [INFO] RtosManager:484 - Registered RTOS mode: class=CMSIS, group=RTOS, mode=CMSIS_V1, owner=FREERTOS
2022-11-20 21:25:30,597 [INFO] RtosManager:484 - Registered RTOS mode: class=CMSIS, group=RTOS2, mode=CMSIS_V2, owner=FREERTOS
2022-11-20 21:25:30,597 [INFO] RtosManager:484 - Registered RTOS mode: class=RTOS, group=Core, mode=CMSIS_V1, owner=FREERTOS
2022-11-20 21:25:30,598 [INFO] RtosManager:484 - Registered RTOS mode: class=RTOS, group=Core, mode=CMSIS_V2, owner=FREERTOS
2022-11-20 21:25:30,598 [WARN] ModelIntegratedComponent:181 - Missing modes for component STMicroelectronics:FreeRTOS:0.0.1:STMicroelectronics:RTOS:FreeRTOS:Core:::10.2.0:
2022-11-20 21:25:30,614 [WARN] ApiManager:304 - Cannot register API 'Board Extension:S2868A1' from pack STMicroelectronics.X-CUBE-SUBG2.5.0.0: no header file found
2022-11-20 21:25:30,614 [WARN] ApiManager:304 - Cannot register API 'Board Extension:S2868A2' from pack STMicroelectronics.X-CUBE-SUBG2.5.0.0: no header file found
2022-11-20 21:25:30,615 [WARN] ApiManager:304 - Cannot register API 'Board Extension:S2915A1' from pack STMicroelectronics.X-CUBE-SUBG2.5.0.0: no header file found
2022-11-20 21:25:30,628 [WARN] ApiManager:304 - Cannot register API 'Board Extension:NFC04A1' from pack STMicroelectronics.X-CUBE-NFC4.2.0.5: no header file found
2022-11-20 21:25:30,631 [WARN] ApiManager:304 - Cannot register API 'Board Extension:NFC04A1' from pack STMicroelectronics.X-CUBE-NFC4.2.0.4: no header file found
2022-11-20 21:25:30,646 [WARN] ModelIntegratedComponent:60 - No mode defined for component null
2022-11-20 21:25:30,646 [WARN] ModelIntegratedComponent:60 - No mode defined for component null
2022-11-20 21:25:30,646 [WARN] ModelIntegratedComponent:60 - No mode defined for component null
2022-11-20 21:25:30,646 [WARN] ModelIntegratedComponent:60 - No mode defined for component null
2022-11-20 21:25:30,647 [WARN] ModelIntegratedComponent:60 - No mode defined for component null
2022-11-20 21:25:30,647 [WARN] ModelIntegratedComponent:60 - No mode defined for component null
2022-11-20 21:25:30,647 [WARN] ModelIntegratedComponent:60 - No mode defined for component null
2022-11-20 21:25:30,647 [WARN] ModelIntegratedComponent:60 - No mode defined for component null
2022-11-20 21:25:30,647 [WARN] ModelIntegratedComponent:60 - No mode defined for component null
2022-11-20 21:25:30,647 [WARN] ModelIntegratedComponent:60 - No mode defined for component null
2022-11-20 21:25:30,648 [WARN] ModelIntegratedComponent:60 - No mode defined for component null
2022-11-20 21:25:30,648 [WARN] ModelIntegratedComponent:60 - No mode defined for component null
2022-11-20 21:25:30,648 [WARN] ModelIntegratedComponent:60 - No mode defined for component null
2022-11-20 21:25:30,648 [WARN] ModelIntegratedComponent:60 - No mode defined for component null
2022-11-20 21:25:30,648 [WARN] ModelIntegratedComponent:60 - No mode defined for component null
2022-11-20 21:25:30,648 [WARN] ModelIntegratedComponent:60 - No mode defined for component null
2022-11-20 21:25:30,649 [WARN] ModelIntegratedComponent:60 - No mode defined for component null
2022-11-20 21:25:30,649 [WARN] ModelIntegratedComponent:60 - No mode defined for component null
2022-11-20 21:25:30,649 [WARN] ModelIntegratedComponent:60 - No mode defined for component null
2022-11-20 21:25:30,649 [WARN] ModelIntegratedComponent:60 - No mode defined for component null
2022-11-20 21:25:30,649 [WARN] ModelIntegratedComponent:60 - No mode defined for component null
2022-11-20 21:25:30,649 [WARN] ModelIntegratedComponent:60 - No mode defined for component null
2022-11-20 21:25:30,649 [WARN] ModelIntegratedComponent:60 - No mode defined for component null
2022-11-20 21:25:30,650 [WARN] ModelIntegratedComponent:60 - No mode defined for component null
2022-11-20 21:25:30,650 [WARN] ModelIntegratedComponent:60 - No mode defined for component null
2022-11-20 21:25:30,650 [WARN] ModelIntegratedComponent:60 - No mode defined for component null
2022-11-20 21:25:30,650 [WARN] ModelIntegratedComponent:60 - No mode defined for component null
2022-11-20 21:25:30,650 [WARN] ModelIntegratedComponent:60 - No mode defined for component null
2022-11-20 21:25:30,650 [WARN] ModelIntegratedComponent:60 - No mode defined for component null
2022-11-20 21:25:30,650 [WARN] ModelIntegratedComponent:60 - No mode defined for component null
2022-11-20 21:25:30,651 [WARN] ModelIntegratedComponent:60 - No mode defined for component null
2022-11-20 21:25:30,653 [WARN] ApiManager:304 - Cannot register API 'Board Extension:NFC07A1' from pack STMicroelectronics.X-CUBE-NFC7.1.0.0: no header file found
2022-11-20 21:25:31,331 [WARN] ApiManager:304 - Cannot register API 'Board Extension:IKS01A3' from pack STMicroelectronics.X-CUBE-MEMS1.9.3.0: no header file found
2022-11-20 21:25:31,331 [WARN] ApiManager:304 - Cannot register API 'Board Extension:IKS01A2' from pack STMicroelectronics.X-CUBE-MEMS1.9.3.0: no header file found
2022-11-20 21:25:31,332 [WARN] ApiManager:304 - Cannot register API 'Board Extension:IKS02A1' from pack STMicroelectronics.X-CUBE-MEMS1.9.3.0: no header file found
2022-11-20 21:25:31,372 [WARN] ApiManager:304 - Cannot register API 'Board Extension:EEPRMA1' from pack STMicroelectronics.X-CUBE-EEPRMA1.3.1.1: no header file found
2022-11-20 21:25:31,373 [WARN] ApiManager:304 - Cannot register API 'Board Extension:EEPRMA2' from pack STMicroelectronics.X-CUBE-EEPRMA1.3.1.1: no header file found
2022-11-20 21:25:31,380 [WARN] ApiManager:304 - Cannot register API 'Board Extension:S2868A1' from pack STMicroelectronics.X-CUBE-SFXS2LP1.4.0.0: no header file found
2022-11-20 21:25:31,381 [WARN] ApiManager:304 - Cannot register API 'Board Extension:S2868A2' from pack STMicroelectronics.X-CUBE-SFXS2LP1.4.0.0: no header file found
2022-11-20 21:25:31,381 [WARN] ApiManager:304 - Cannot register API 'Board Extension:S2915A1' from pack STMicroelectronics.X-CUBE-SFXS2LP1.4.0.0: no header file found
2022-11-20 21:25:31,383 [WARN] ApiManager:304 - Cannot register API 'Wireless:BlueNRG-2' from pack STMicroelectronics.X-CUBE-BLE2.3.3.0: no header file found
2022-11-20 21:25:36,236 [INFO] UtilMem:74 - End LoadConfig() Used Memory: 595833440 Bytes (983564288)
2022-11-20 21:25:36,251 [WARN] ThirdParty:779 - waiting for thirdparty lock release [change project]
2022-11-20 21:25:36,251 [INFO] ThirdParty:781 - entering critical section [change project]
2022-11-20 21:25:36,251 [INFO] ThirdParty:967 - CMSIS Pack Vendor :STMicroelectronics X-CUBE-ISPU 1.1.0
2022-11-20 21:25:36,252 [INFO] ThirdParty:967 - CMSIS Pack Vendor :RoweBots I-CUBE-UNISONRTOS 5.5.0-4
2022-11-20 21:25:36,252 [INFO] ThirdParty:967 - CMSIS Pack Vendor :STMicroelectronics X-CUBE-GNSS1 6.0.0
2022-11-20 21:25:36,252 [INFO] ThirdParty:967 - CMSIS Pack Vendor :STMicroelectronics X-CUBE-AZRTOS-H7 2.1.0
2022-11-20 21:25:36,252 [INFO] ThirdParty:967 - CMSIS Pack Vendor :STMicroelectronics USB_HOST 2.0.0
2022-11-20 21:25:36,252 [INFO] ThirdParty:967 - CMSIS Pack Vendor :STMicroelectronics X-CUBE-AZRTOS-F4 1.1.0
2022-11-20 21:25:36,253 [INFO] ThirdParty:967 - CMSIS Pack Vendor :wolfSSL I-CUBE-wolfSSL 5.4.0
2022-11-20 21:25:36,253 [INFO] ThirdParty:967 - CMSIS Pack Vendor :STMicroelectronics USB_DEVICE 3.0.0
2022-11-20 21:25:36,253 [INFO] ThirdParty:967 - CMSIS Pack Vendor :STMicroelectronics X-CUBE-BLEMGR 1.0.0
2022-11-20 21:25:36,253 [INFO] ThirdParty:967 - CMSIS Pack Vendor :STMicroelectronics X-CUBE-BLEMGR 1.2.0
2022-11-20 21:25:36,254 [INFO] ThirdParty:967 - CMSIS Pack Vendor :STMicroelectronics X-CUBE-AZRTOS-F7 1.1.0
2022-11-20 21:25:36,254 [INFO] ThirdParty:967 - CMSIS Pack Vendor :STMicroelectronics USB_DEVICE 2.0.0
2022-11-20 21:25:36,254 [INFO] ThirdParty:967 - CMSIS Pack Vendor :STMicroelectronics X-CUBE-AI 7.3.0
2022-11-20 21:25:36,255 [INFO] ThirdParty:967 - CMSIS Pack Vendor :STMicroelectronics X-CUBE-BLE1 6.2.3
2022-11-20 21:25:36,255 [INFO] ThirdParty:967 - CMSIS Pack Vendor :STMicroelectronics X-CUBE-ALGOBUILD 1.3.0
2022-11-20 21:25:36,255 [INFO] ThirdParty:967 - CMSIS Pack Vendor :STMicroelectronics FreeRTOS 0.0.1
2022-11-20 21:25:36,255 [INFO] ThirdParty:967 - CMSIS Pack Vendor :STMicroelectronics X-CUBE-AZRTOS-G0 1.1.0
2022-11-20 21:25:36,256 [INFO] ThirdParty:967 - CMSIS Pack Vendor :STMicroelectronics X-CUBE-SUBG2 5.0.0
2022-11-20 21:25:36,256 [INFO] ThirdParty:967 - CMSIS Pack Vendor :SEGGER I-CUBE-embOS 1.2.0
2022-11-20 21:25:36,256 [INFO] ThirdParty:967 - CMSIS Pack Vendor :STMicroelectronics lwIP 2.0.3
2022-11-20 21:25:36,257 [INFO] ThirdParty:967 - CMSIS Pack Vendor :STMicroelectronics X-CUBE-NFC4 2.0.5
2022-11-20 21:25:36,257 [INFO] ThirdParty:967 - CMSIS Pack Vendor :STMicroelectronics X-CUBE-NFC4 2.0.4
2022-11-20 21:25:36,257 [INFO] ThirdParty:967 - CMSIS Pack Vendor :STMicroelectronics USB_HOST 1.0.0
2022-11-20 21:25:36,257 [INFO] ThirdParty:967 - CMSIS Pack Vendor :STMicroelectronics PDM2PCM 3.1.0
2022-11-20 21:25:36,258 [INFO] ThirdParty:967 - CMSIS Pack Vendor :STMicroelectronics FP-ATR-ASTRA1 1.1.1
2022-11-20 21:25:36,258 [INFO] ThirdParty:967 - CMSIS Pack Vendor :STMicroelectronics PDM2PCM 3.3.0
2022-11-20 21:25:36,258 [INFO] ThirdParty:967 - CMSIS Pack Vendor :STMicroelectronics X-CUBE-TOF1 3.1.0
2022-11-20 21:25:36,259 [INFO] ThirdParty:967 - CMSIS Pack Vendor :STMicroelectronics FP-ATR-ASTRA1 1.1.0
2022-11-20 21:25:36,259 [INFO] ThirdParty:967 - CMSIS Pack Vendor :STMicroelectronics X-CUBE-AZRTOS-G4 1.0.0
2022-11-20 21:25:36,259 [INFO] ThirdParty:967 - CMSIS Pack Vendor :STMicroelectronics FP-ATR-SIGFOX1 3.2.0
2022-11-20 21:25:36,259 [INFO] ThirdParty:967 - CMSIS Pack Vendor :STMicroelectronics X-CUBE-AZRTOS-L4 1.0.0
2022-11-20 21:25:36,260 [INFO] ThirdParty:967 - CMSIS Pack Vendor :STMicroelectronics HAL Drivers 0.0.0
2022-11-20 21:25:36,260 [INFO] ThirdParty:967 - CMSIS Pack Vendor :STMicroelectronics MBEDTLS 2.16.2
2022-11-20 21:25:36,260 [INFO] ThirdParty:967 - CMSIS Pack Vendor :emotas I-CUBE-CANOPEN 1.1.2
2022-11-20 21:25:36,260 [INFO] ThirdParty:967 - CMSIS Pack Vendor :STMicroelectronics X-CUBE-TOUCHGFX 4.20.0
2022-11-20 21:25:36,261 [INFO] ThirdParty:967 - CMSIS Pack Vendor :STMicroelectronics MBEDTLS 2.14.1
2022-11-20 21:25:36,261 [INFO] ThirdParty:967 - CMSIS Pack Vendor :STMicroelectronics X-CUBE-NFC7 1.0.0
2022-11-20 21:25:36,262 [INFO] ThirdParty:967 - CMSIS Pack Vendor :STMicroelectronics X-CUBE-AZRTOS-WL 1.0.0
2022-11-20 21:25:36,262 [INFO] ThirdParty:967 - CMSIS Pack Vendor :STMicroelectronics X-CUBE-MEMS1 9.3.0
2022-11-20 21:25:36,262 [INFO] ThirdParty:967 - CMSIS Pack Vendor :portGmbH I-Cube-SoM-uGOAL 1.1.0
2022-11-20 21:25:36,262 [INFO] ThirdParty:967 - CMSIS Pack Vendor :STMicroelectronics X-CUBE-ALS 1.0.1
2022-11-20 21:25:36,263 [INFO] ThirdParty:967 - CMSIS Pack Vendor :STMicroelectronics X-CUBE-AI 7.2.0
2022-11-20 21:25:36,263 [INFO] ThirdParty:967 - CMSIS Pack Vendor :STMicroelectronics X-CUBE-AZRTOS-L5 1.0.0
2022-11-20 21:25:36,263 [INFO] ThirdParty:967 - CMSIS Pack Vendor :STMicroelectronics USB_DEVICE 1.0.0
2022-11-20 21:25:36,264 [INFO] ThirdParty:967 - CMSIS Pack Vendor :STMicroelectronics X-CUBE-EEPRMA1 3.1.1
2022-11-20 21:25:36,264 [INFO] ThirdParty:967 - CMSIS Pack Vendor :STMicroelectronics ThreadX 0.0.2
2022-11-20 21:25:36,265 [INFO] ThirdParty:967 - CMSIS Pack Vendor :STMicroelectronics lwIP 2.1.2
2022-11-20 21:25:36,265 [INFO] ThirdParty:967 - CMSIS Pack Vendor :STMicroelectronics X-CUBE-SFXS2LP1 4.0.0
2022-11-20 21:25:36,265 [INFO] ThirdParty:967 - CMSIS Pack Vendor :STMicroelectronics X-CUBE-BLE2 3.3.0
2022-11-20 21:25:36,266 [INFO] ThirdParty:967 - CMSIS Pack Vendor :STMicroelectronics X-CUBE-DISPLAY 2.2.0
2022-11-20 21:25:36,266 [INFO] ThirdParty:967 - CMSIS Pack Vendor :STMicroelectronics X-CUBE-TOF1 3.2.0
2022-11-20 21:25:36,266 [INFO] ThirdParty:967 - CMSIS Pack Vendor :STMicroelectronics PDM2PCM 3.2.0
2022-11-20 21:25:36,266 [INFO] ThirdParty:967 - CMSIS Pack Vendor :STMicroelectronics X-CUBE-ISPU 1.0.0
2022-11-20 21:25:36,267 [INFO] ThirdParty:787 - exiting critical section [change project]
2022-11-20 21:25:36,996 [INFO] PinOutPanel:1463 - setPackage(No Configuration,No Configuration)
2022-11-20 21:25:36,999 [INFO] PinOutPanel:1463 - setPackage(STM32F103C6Ux,UFQFPN48)
2022-11-20 21:25:38,083 [INFO] UtilMem:74 - Before build in PCC Used Memory: 593127784 Bytes (983564288)
2022-11-20 21:25:39,456 [INFO] UtilMem:74 - After build in PCC Used Memory: 672293224 Bytes (983564288)
2022-11-20 21:25:39,493 [INFO] IPUIPlugin:74 - create IPUIPlugin
2022-11-20 21:25:39,493 [INFO] IPUIPlugin:74 - create IPUIPlugin
2022-11-20 21:25:39,494 [INFO] IPUIPlugin:74 - create IPUIPlugin
2022-11-20 21:25:39,494 [INFO] IPUIPlugin:74 - create IPUIPlugin
2022-11-20 21:25:39,494 [INFO] IPUIPlugin:74 - create IPUIPlugin
2022-11-20 21:25:39,494 [INFO] IPUIPlugin:74 - create IPUIPlugin
2022-11-20 21:25:39,495 [INFO] IPUIPlugin:74 - create IPUIPlugin
2022-11-20 21:25:39,495 [INFO] IPUIPlugin:74 - create IPUIPlugin
2022-11-20 21:25:39,495 [INFO] IPUIPlugin:74 - create IPUIPlugin
2022-11-20 21:25:39,496 [INFO] IPUIPlugin:74 - create IPUIPlugin
2022-11-20 21:25:39,496 [INFO] IPUIPlugin:74 - create IPUIPlugin
2022-11-20 21:25:39,496 [INFO] IPUIPlugin:74 - create IPUIPlugin
2022-11-20 21:25:39,497 [INFO] IPUIPlugin:74 - create IPUIPlugin
2022-11-20 21:25:39,497 [INFO] IPUIPlugin:74 - create IPUIPlugin
2022-11-20 21:25:39,497 [INFO] IPUIPlugin:74 - create IPUIPlugin
2022-11-20 21:25:39,498 [INFO] IPUIPlugin:74 - create IPUIPlugin
2022-11-20 21:25:39,498 [INFO] IPUIPlugin:74 - create IPUIPlugin
2022-11-20 21:25:39,499 [INFO] IPUIPlugin:74 - create IPUIPlugin
2022-11-20 21:25:39,499 [INFO] IPUIPlugin:74 - create IPUIPlugin
2022-11-20 21:25:39,500 [INFO] IPUIPlugin:74 - create IPUIPlugin
2022-11-20 21:25:39,500 [INFO] IPUIPlugin:74 - create IPUIPlugin
2022-11-20 21:25:39,501 [INFO] IPUIPlugin:74 - create IPUIPlugin
2022-11-20 21:25:39,501 [INFO] IPUIPlugin:74 - create IPUIPlugin
2022-11-20 21:25:39,699 [INFO] OpenFileManager:333 - Restore cursor
2022-11-20 21:25:40,194 [INFO] UtilMem:74 - End SaveConfig() Used Memory: 738066712 Bytes (983564288)
2022-11-20 21:25:40,324 [INFO] UtilMem:74 - End SaveConfig() Used Memory: 749887848 Bytes (983564288)
2022-11-20 21:25:40,989 [INFO] BlockDiagram:2740 - set Specific Code input for plugin: NVIC
2022-11-20 21:25:40,990 [INFO] BlockDiagram:2740 - set Specific Code input for plugin: SYS
2022-11-20 21:25:40,990 [INFO] BlockDiagram:2740 - set Specific Code input for plugin: RCC
2022-11-20 21:25:40,992 [INFO] CodeGenerator:663 - code generatio: config db path: E:\Program Files (x86)\STM32CubeIDE_1.7.0\STM32CubeIDE\plugins\com.st.stm32cube.common.mx_6.3.0.202107141111\\db\
2022-11-20 21:25:41,910 [INFO] CodeEngine:239 - oldGeneratedFile, D:\Workspace\VXL\Lab 4\Code\lab4\MXTmpFiles\license.tmp_save
2022-11-20 21:25:42,577 [INFO] CodeEngine:257 - Generated code: D:\Workspace\VXL\Lab 4\Code\lab4\MXTmpFiles\license.tmp
2022-11-20 21:25:42,745 [INFO] CodeEngine:239 - oldGeneratedFile, D:\Workspace\VXL\Lab 4\Code\lab4\Core\Src\stm32f1xx_it.c_save
2022-11-20 21:25:42,943 [INFO] CodeEngine:257 - Generated code: D:\Workspace\VXL\Lab 4\Code\lab4\Core\Src\stm32f1xx_it.c
2022-11-20 21:25:42,958 [INFO] CodeEngine:239 - oldGeneratedFile, D:\Workspace\VXL\Lab 4\Code\lab4\Core\Inc\stm32f1xx_it.h_save
2022-11-20 21:25:43,109 [INFO] CodeEngine:257 - Generated code: D:\Workspace\VXL\Lab 4\Code\lab4\Core\Inc\stm32f1xx_it.h
2022-11-20 21:25:43,132 [INFO] CodeEngine:239 - oldGeneratedFile, D:\Workspace\VXL\Lab 4\Code\lab4\Core\Src\stm32f1xx_hal_msp.c_save
2022-11-20 21:25:43,358 [INFO] CodeEngine:257 - Generated code: D:\Workspace\VXL\Lab 4\Code\lab4\Core\Src\stm32f1xx_hal_msp.c
2022-11-20 21:25:43,364 [INFO] CodeEngine:239 - oldGeneratedFile, D:\Workspace\VXL\Lab 4\Code\lab4\MXTmpFiles\system.tmp_save
2022-11-20 21:25:43,477 [INFO] CodeEngine:257 - Generated code: D:\Workspace\VXL\Lab 4\Code\lab4\MXTmpFiles\system.tmp
2022-11-20 21:25:43,494 [INFO] CodeEngine:239 - oldGeneratedFile, D:\Workspace\VXL\Lab 4\Code\lab4\Core\Inc\stm32f1xx_hal_conf.h_save
2022-11-20 21:25:43,829 [INFO] CodeEngine:257 - Generated code: D:\Workspace\VXL\Lab 4\Code\lab4\Core\Inc\stm32f1xx_hal_conf.h
2022-11-20 21:25:43,898 [INFO] CodeEngine:239 - oldGeneratedFile, D:\Workspace\VXL\Lab 4\Code\lab4\Core\Inc\main.h_save
2022-11-20 21:25:44,153 [INFO] CodeEngine:257 - Generated code: D:\Workspace\VXL\Lab 4\Code\lab4\Core\Inc\main.h
2022-11-20 21:25:44,161 [INFO] CodeEngine:239 - oldGeneratedFile, D:\Workspace\VXL\Lab 4\Code\lab4\Core\Src\main.c_save
2022-11-20 21:25:44,326 [INFO] CodeEngine:257 - Generated code: D:\Workspace\VXL\Lab 4\Code\lab4\Core\Src\main.c
2022-11-20 21:25:46,665 [INFO] ProjectBuilder:2578 - Time for Copy HAL[1] : 250mS.
2022-11-20 21:25:46,680 [INFO] ProjectBuilder:3622 - Project Generator version: 3.14.1
2022-11-20 21:25:48,107 [INFO] ConfigFileManager:1271 - The Die is : DIE412
2022-11-20 21:25:48,174 [INFO] ApiDbMcu:468 - Load IP Config File for FATFS
2022-11-20 21:25:48,268 [INFO] ApiDbMcu:468 - Load IP Config File for FREERTOS
2022-11-20 21:25:48,376 [INFO] ApiDbMcu:468 - Load IP Config File for USB_DEVICE
2022-11-20 21:25:56,738 [INFO] ProjectBuilder:3789 - Time for Generating toolchain IDE Files: 10058mS.
2022-11-20 21:25:56,740 [INFO] ProjectBuilder:2457 - Time for Copy CMSIS : 1mS.
2022-11-20 21:25:56,743 [INFO] ProjectBuilder:2457 - Time for Copy CMSIS : 0mS.
2022-11-20 21:25:58,907 [INFO] McuFinderGlobals:52 - Set McuFinderConnectedMode to true
2022-11-20 21:25:58,911 [INFO] ApiDb:276 - Save user favorites file C:\Users\ADMIN/.stm32cubeide/favorites.mcus.txt: 0 item(s)
2022-11-20 21:25:58,912 [INFO] ApiDb:280 - User favorites MCUs=[]
2022-11-20 21:51:07,195 [INFO] UtilMem:74 - End SaveConfig() Used Memory: 665237568 Bytes (1005584384)
2022-11-20 21:51:08,755 [INFO] UtilMem:74 - End SaveConfig() Used Memory: 693022784 Bytes (1005584384)
2022-11-20 21:51:11,932 [INFO] UtilMem:74 - End SaveConfig() Used Memory: 627132168 Bytes (1005584384)
2022-11-20 21:51:12,665 [INFO] BlockDiagram:2740 - set Specific Code input for plugin: NVIC
2022-11-20 21:51:12,666 [INFO] BlockDiagram:2740 - set Specific Code input for plugin: SYS
2022-11-20 21:51:12,666 [INFO] BlockDiagram:2740 - set Specific Code input for plugin: GPIO
2022-11-20 21:51:12,666 [INFO] BlockDiagram:2740 - set Specific Code input for plugin: RCC
2022-11-20 21:51:12,668 [INFO] CodeGenerator:663 - code generatio: config db path: E:\Program Files (x86)\STM32CubeIDE_1.7.0\STM32CubeIDE\plugins\com.st.stm32cube.common.mx_6.3.0.202107141111\\db\
2022-11-20 21:51:13,218 [INFO] CodeEngine:239 - oldGeneratedFile, D:\Workspace\VXL\Lab 4\Code\lab4\MXTmpFiles\license.tmp_save
2022-11-20 21:51:13,328 [INFO] CodeEngine:257 - Generated code: D:\Workspace\VXL\Lab 4\Code\lab4\MXTmpFiles\license.tmp
2022-11-20 21:51:13,398 [INFO] CodeEngine:239 - oldGeneratedFile, D:\Workspace\VXL\Lab 4\Code\lab4\MXTmpFiles\gpio.tmp_save
2022-11-20 21:51:13,507 [INFO] CodeEngine:257 - Generated code: D:\Workspace\VXL\Lab 4\Code\lab4\MXTmpFiles\gpio.tmp
2022-11-20 21:51:13,526 [INFO] CodeEngine:239 - oldGeneratedFile, D:\Workspace\VXL\Lab 4\Code\lab4\Core\Src\stm32f1xx_it.c_save
2022-11-20 21:51:13,628 [INFO] CodeEngine:257 - Generated code: D:\Workspace\VXL\Lab 4\Code\lab4\Core\Src\stm32f1xx_it.c
2022-11-20 21:51:13,633 [INFO] CodeEngine:239 - oldGeneratedFile, D:\Workspace\VXL\Lab 4\Code\lab4\Core\Inc\stm32f1xx_it.h_save
2022-11-20 21:51:13,708 [INFO] CodeEngine:257 - Generated code: D:\Workspace\VXL\Lab 4\Code\lab4\Core\Inc\stm32f1xx_it.h
2022-11-20 21:51:13,720 [INFO] CodeEngine:239 - oldGeneratedFile, D:\Workspace\VXL\Lab 4\Code\lab4\Core\Src\stm32f1xx_hal_msp.c_save
2022-11-20 21:51:13,827 [INFO] CodeEngine:257 - Generated code: D:\Workspace\VXL\Lab 4\Code\lab4\Core\Src\stm32f1xx_hal_msp.c
2022-11-20 21:51:13,831 [INFO] CodeEngine:239 - oldGeneratedFile, D:\Workspace\VXL\Lab 4\Code\lab4\MXTmpFiles\system.tmp_save
2022-11-20 21:51:14,035 [INFO] CodeEngine:257 - Generated code: D:\Workspace\VXL\Lab 4\Code\lab4\MXTmpFiles\system.tmp
2022-11-20 21:51:14,044 [INFO] CodeEngine:239 - oldGeneratedFile, D:\Workspace\VXL\Lab 4\Code\lab4\Core\Inc\stm32f1xx_hal_conf.h_save
2022-11-20 21:51:14,215 [INFO] CodeEngine:257 - Generated code: D:\Workspace\VXL\Lab 4\Code\lab4\Core\Inc\stm32f1xx_hal_conf.h
2022-11-20 21:51:14,238 [INFO] CodeEngine:239 - oldGeneratedFile, D:\Workspace\VXL\Lab 4\Code\lab4\Core\Inc\main.h_save
2022-11-20 21:51:14,313 [INFO] CodeEngine:257 - Generated code: D:\Workspace\VXL\Lab 4\Code\lab4\Core\Inc\main.h
2022-11-20 21:51:14,319 [INFO] CodeEngine:239 - oldGeneratedFile, D:\Workspace\VXL\Lab 4\Code\lab4\Core\Src\main.c_save
2022-11-20 21:51:14,428 [INFO] CodeEngine:257 - Generated code: D:\Workspace\VXL\Lab 4\Code\lab4\Core\Src\main.c
2022-11-20 21:51:16,339 [INFO] ProjectBuilder:2578 - Time for Copy HAL[1] : 161mS.
2022-11-20 21:51:16,343 [INFO] ProjectBuilder:3622 - Project Generator version: 3.14.1
2022-11-20 21:51:17,585 [INFO] ConfigFileManager:1271 - The Die is : DIE412
2022-11-20 21:51:21,314 [INFO] ProjectBuilder:3789 - Time for Generating toolchain IDE Files: 4971mS.
2022-11-20 21:51:21,316 [INFO] ProjectBuilder:2457 - Time for Copy CMSIS : 1mS.
2022-11-20 21:51:21,319 [INFO] ProjectBuilder:2457 - Time for Copy CMSIS : 0mS.
2022-11-21 08:30:10,582 [INFO] NvicIntPanel:96 - NVIC parent = com.st.microxplorer.plugins.ip.nvic.MultiNvicIntPanel[,0,0,450x190,layout=javax.swing.BoxLayout,alignmentX=0.0,alignmentY=0.0,border=,flags=9,maximumSize=,minimumSize=,preferredSize=]
2022-11-21 08:30:15,732 [INFO] UtilMem:74 - End SaveConfig() Used Memory: 820863456 Bytes (1032847360)
2022-11-21 08:30:17,535 [INFO] UtilMem:74 - End SaveConfig() Used Memory: 609685192 Bytes (1032847360)
2022-11-21 08:30:19,239 [INFO] UtilMem:74 - End SaveConfig() Used Memory: 605458656 Bytes (1032847360)
2022-11-21 08:30:19,924 [INFO] BlockDiagram:2740 - set Specific Code input for plugin: NVIC
2022-11-21 08:30:19,925 [INFO] BlockDiagram:2740 - set Specific Code input for plugin: SYS
2022-11-21 08:30:19,925 [INFO] BlockDiagram:2740 - set Specific Code input for plugin: GPIO
2022-11-21 08:30:19,925 [INFO] BlockDiagram:2740 - set Specific Code input for plugin: RCC
2022-11-21 08:30:19,925 [INFO] BlockDiagram:2740 - set Specific Code input for plugin: TIM1_8F1
2022-11-21 08:30:19,926 [INFO] CodeGenerator:663 - code generatio: config db path: E:\Program Files (x86)\STM32CubeIDE_1.7.0\STM32CubeIDE\plugins\com.st.stm32cube.common.mx_6.3.0.202107141111\\db\
2022-11-21 08:30:20,696 [INFO] CodeEngine:239 - oldGeneratedFile, D:\Workspace\VXL\Lab 4\Code\lab4\MXTmpFiles\license.tmp_save
2022-11-21 08:30:20,822 [INFO] CodeEngine:257 - Generated code: D:\Workspace\VXL\Lab 4\Code\lab4\MXTmpFiles\license.tmp
2022-11-21 08:30:20,846 [INFO] CodeEngine:239 - oldGeneratedFile, D:\Workspace\VXL\Lab 4\Code\lab4\MXTmpFiles\gpio.tmp_save
2022-11-21 08:30:20,977 [INFO] CodeEngine:257 - Generated code: D:\Workspace\VXL\Lab 4\Code\lab4\MXTmpFiles\gpio.tmp
2022-11-21 08:30:21,259 [INFO] CodeEngine:239 - oldGeneratedFile, D:\Workspace\VXL\Lab 4\Code\lab4\Core\Src\stm32f1xx_it.c_save
2022-11-21 08:30:21,423 [INFO] CodeEngine:257 - Generated code: D:\Workspace\VXL\Lab 4\Code\lab4\Core\Src\stm32f1xx_it.c
2022-11-21 08:30:21,432 [INFO] CodeEngine:239 - oldGeneratedFile, D:\Workspace\VXL\Lab 4\Code\lab4\Core\Inc\stm32f1xx_it.h_save
2022-11-21 08:30:21,515 [INFO] CodeEngine:257 - Generated code: D:\Workspace\VXL\Lab 4\Code\lab4\Core\Inc\stm32f1xx_it.h
2022-11-21 08:30:21,530 [INFO] CodeEngine:239 - oldGeneratedFile, D:\Workspace\VXL\Lab 4\Code\lab4\Core\Src\stm32f1xx_hal_msp.c_save
2022-11-21 08:30:21,631 [INFO] CodeEngine:257 - Generated code: D:\Workspace\VXL\Lab 4\Code\lab4\Core\Src\stm32f1xx_hal_msp.c
2022-11-21 08:30:21,635 [INFO] CodeEngine:239 - oldGeneratedFile, D:\Workspace\VXL\Lab 4\Code\lab4\MXTmpFiles\system.tmp_save
2022-11-21 08:30:21,690 [INFO] CodeEngine:257 - Generated code: D:\Workspace\VXL\Lab 4\Code\lab4\MXTmpFiles\system.tmp
2022-11-21 08:30:21,700 [INFO] CodeEngine:239 - oldGeneratedFile, D:\Workspace\VXL\Lab 4\Code\lab4\Core\Inc\stm32f1xx_hal_conf.h_save
2022-11-21 08:30:21,776 [INFO] CodeEngine:257 - Generated code: D:\Workspace\VXL\Lab 4\Code\lab4\Core\Inc\stm32f1xx_hal_conf.h
2022-11-21 08:30:21,788 [WARN] IPConfigManager:3148 - IP not found : TIM
2022-11-21 08:30:21,788 [WARN] CodeGenerator:3268 - IP not found : null
2022-11-21 08:30:21,797 [INFO] CodeEngine:239 - oldGeneratedFile, D:\Workspace\VXL\Lab 4\Code\lab4\Core\Inc\main.h_save
2022-11-21 08:30:21,952 [INFO] CodeEngine:257 - Generated code: D:\Workspace\VXL\Lab 4\Code\lab4\Core\Inc\main.h
2022-11-21 08:30:21,961 [INFO] CodeEngine:239 - oldGeneratedFile, D:\Workspace\VXL\Lab 4\Code\lab4\Core\Src\main.c_save
2022-11-21 08:30:22,076 [INFO] CodeEngine:257 - Generated code: D:\Workspace\VXL\Lab 4\Code\lab4\Core\Src\main.c
2022-11-21 08:30:23,821 [INFO] ProjectBuilder:2578 - Time for Copy HAL[1] : 236mS.
2022-11-21 08:30:23,825 [INFO] ProjectBuilder:3622 - Project Generator version: 3.14.1
2022-11-21 08:30:24,615 [INFO] ConfigFileManager:1271 - The Die is : DIE412
2022-11-21 08:30:27,644 [INFO] ProjectBuilder:3789 - Time for Generating toolchain IDE Files: 3819mS.
2022-11-21 08:30:27,645 [INFO] ProjectBuilder:2457 - Time for Copy CMSIS : 1mS.
2022-11-21 08:30:27,648 [INFO] ProjectBuilder:2457 - Time for Copy CMSIS : 0mS.
